louvain_community, title, in_traffic
1448, "G._P._Taylor", 233
1448, "Shadowmancer", 28
1448, "Wormwood_(Taylor_novel)", 10
louvain_community, title, in_traffic
1449, "Alison_Rose", 46
1449, "Michael_Aron", 28

louvain_community, title, in_traffic
1451, "Turgay_Oblast_(Russian_Empire)", 11
louvain_community, title, in_traffic
1452, "Andrey_Bartenev", 279
louvain_community, title, in_traffic
1453, "1946_Soviet_Union_legislative_election", 171
1453, "1979_Soviet_Union_legislative_election", 93

louvain_community, title, in_traffic
1455, "The_Singing_Kettle", 84
1455, "Kingskettle", 15
louvain_community, title, in_traffic
1456, "The_Wing_or_the_Thigh", 94
1456, "Julien_Guiomar", 18
louvain_community, title, in_traffic
1457, "Ike_Powers", 10
louvain_community, title, in_traffic
1458, "List_of_years_in_South_African_television", 15
louvain_community, title, in_traffic
1459, "The_White_Stag", 39
louvain_community, title, in_traffic
1460, "Mahipatram_Rupram_Nilkanth", 45
louvain_community, title, in_traffic
1461, "Pendragon:_Journal_of_an_Adventure_through_Time_and_Space", 442
1461, "The_Reality_Bug", 26
louvain_community, title, in_traffic
1462, "Zac_Brewer", 103
louvain_community, title, in_traffic
1463, "Angelica_(band)", 16

louvain_community, title, in_traffic
1465, "Brazil–France_border", 102
louvain_community, title, in_traffic
1466, "Sztum_County", 10
louvain_community, title, in_traffic
1467, "1954_in_Australia", 11
louvain_community, title, in_traffic
1468, "Augie_March", 57
1468, "Moo,_You_Bloody_Choir", 11
louvain_community, title, in_traffic
1469, "James_Lindsay,_3rd_Baron_Lindsay_of_Birker", 27
louvain_community, title, in_traffic
1470, "Henry_Grinnell", 258
louvain_community, title, in_traffic
1471, "Watsonia_(plant)", 10
louvain_community, title, in_traffic
1472, "Arrondissement_of_Castelsarrasin", 15


louvain_community, title, in_traffic
1475, "Cinema_of_Turkmenistan", 15
louvain_community, title, in_traffic
1476, "Otfried_Preußler", 52
louvain_community, title, in_traffic
1477, "2009_European_Parliament_election_in_the_Netherlands", 32
louvain_community, title, in_traffic
1478, "1985_Italian_presidential_election", 49
1478, "1948_Italian_presidential_election", 10
louvain_community, title, in_traffic
1479, "The_Briefs", 14
louvain_community, title, in_traffic
1480, "Freedy_Johnston", 47
1480, "Bad_Reputation_(Freedy_Johnston_song)", 22
1480, "This_Perfect_World_(song)", 20
louvain_community, title, in_traffic
1481, "Massimo_Ceccherini", 112
1481, "The_Graduates_(1995_film)", 26
1481, "Leonardo_Pieraccioni", 10
louvain_community, title, in_traffic
1482, "2004_Scottish_National_Party_leadership_election", 93
louvain_community, title, in_traffic
1483, "King's_Man", 18
1483, "Outlaw_(novel)", 13
louvain_community, title, in_traffic
1484, "The_Perfect_Stranger_(film)", 64
1484, "The_Perfect_Gift", 56
1484, "Pieces_of_Easter", 17
louvain_community, title, in_traffic
1485, "Laufenburg", 13

louvain_community, title, in_traffic
1487, "Dayworld", 27
1487, "Dayworld_(trilogy)", 13
louvain_community, title, in_traffic
1488, "Peg_Kehret", 31
louvain_community, title, in_traffic
1489, "Shashikant_Dhotre", 24
louvain_community, title, in_traffic
1490, "Ramesh_Srivastava", 26
louvain_community, title, in_traffic
1491, "Electoral_districts_of_Kuwait", 50
louvain_community, title, in_traffic
1492, "George_Abercromby,_2nd_Baron_Abercromby", 20
1492, "John_Abercromby,_5th_Baron_Abercromby", 12
louvain_community, title, in_traffic
1493, "1964_United_States_Senate_election_in_Virginia", 84

louvain_community, title, in_traffic
1495, "World_Affairs", 58
1495, "American_Peace_Society", 24
louvain_community, title, in_traffic
1496, "David_Feintuch", 14
1496, "Seafort_Saga", 10
louvain_community, title, in_traffic
1497, "Otto_IV_of_Schaumburg", 11
louvain_community, title, in_traffic
1498, "Petorca_Province", 10
louvain_community, title, in_traffic
1499, "1911_Croatian_parliamentary_election", 19
louvain_community, title, in_traffic
1500, "Jim_Hougan", 46
1500, "John_Case_(novelist)", 11
louvain_community, title, in_traffic
1501, "Spectrum_Award_for_Grand_Master", 29
louvain_community, title, in_traffic
1502, "Administrative_divisions_of_Kostroma_Oblast", 60


louvain_community, title, in_traffic
1505, "William_Bolcom", 18
louvain_community, title, in_traffic
1506, "Cyfarthfa_Castle", 38
1506, "Cyfarthfa_Ironworks", 35
1506, "William_Crawshay_II", 28
louvain_community, title, in_traffic
1507, "Krystal_Meyers", 10
louvain_community, title, in_traffic
1508, "Sadie_and_Bessie_Delany", 160
1508, "Henry_Beard_Delany", 55
1508, "Having_Our_Say:_The_Delany_Sisters'_First_100_Years", 38
1508, "Sarah_Louise_Delany", 17
louvain_community, title, in_traffic
1509, "Stapleford_Park", 10
louvain_community, title, in_traffic
1510, "Mikhail_Ippolitov-Ivanov", 49
1510, "Caucasian_Sketches", 15
louvain_community, title, in_traffic
1511, "Echolyn", 19
louvain_community, title, in_traffic
1512, "2004_UEFA_European_Under-21_Championship_qualification", 112
louvain_community, title, in_traffic
1513, "2018_Hammarby_Fotboll_season", 80
louvain_community, title, in_traffic
1514, "Spunge", 13
louvain_community, title, in_traffic
1515, "Paikmal", 15


louvain_community, title, in_traffic
1518, "Steve_Schewel", 161
1518, "Nick_Tennyson", 17
1518, "Indy_Week", 11
louvain_community, title, in_traffic
1519, "Bajofondo", 61
louvain_community, title, in_traffic
1520, "The_March_(2013_film)", 81
1520, "The_Last_Angel_of_History", 46
1520, "John_Akomfrah", 29
1520, "Seven_Songs_for_Malcolm_X", 26
louvain_community, title, in_traffic
1521, "Gardner_Cowles_Jr.", 29
1521, "Cowles_Media_Company", 22
louvain_community, title, in_traffic
1522, "Kerry_(Dáil_constituency)", 45
1522, "Jackie_Healy-Rae", 23
louvain_community, title, in_traffic
1523, "Leon_de_Winter", 15
louvain_community, title, in_traffic
1524, "Glynne_baronets", 67
louvain_community, title, in_traffic
1525, "Neville_Wigram,_2nd_Baron_Wigram", 73
louvain_community, title, in_traffic
1526, "Asia_Royal_Cardiac_&_Medical_Care_Centre", 39
louvain_community, title, in_traffic
1527, "Charmian_Clift", 37
1527, "My_Brother_Jack", 13
louvain_community, title, in_traffic
1528, "Morris_Tribunal", 40
1528, "Frank_McBrearty_Snr", 15

louvain_community, title, in_traffic
1530, "1912_Serbian_parliamentary_election", 37
louvain_community, title, in_traffic
1531, "List_of_hospitals_in_Cameroon", 30

louvain_community, title, in_traffic
1533, "Brigitte_(disambiguation)", 79
1533, "Brigitte_(duo)", 12
louvain_community, title, in_traffic
1534, "Teddy_Bear_(1980_film)", 153
louvain_community, title, in_traffic
1535, "Clan_Ged", 18
louvain_community, title, in_traffic
1536, "Marvaless", 12
louvain_community, title, in_traffic
1537, "The_Colourist", 26
louvain_community, title, in_traffic
1538, "Canada-I-O", 29
1538, "Nic_Jones", 23
louvain_community, title, in_traffic
1539, "Supreme_Court_of_South_Australia", 22
1539, "Chris_Kourakis", 13
louvain_community, title, in_traffic
1540, "Viscount_Devonport", 13

louvain_community, title, in_traffic
1542, "1961_All-Ireland_Senior_Football_Championship_Final", 29

louvain_community, title, in_traffic
1544, "Rosh_HaNikra_Islands", 18
louvain_community, title, in_traffic
1545, "David_Martin_(Scottish_politician)", 23
1545, "Tom_McCabe", 14
louvain_community, title, in_traffic
1546, "1916_Philippine_Senate_elections", 11

louvain_community, title, in_traffic
1548, "William_Bateman,_1st_Viscount_Bateman", 19
louvain_community, title, in_traffic
1549, "Telecommunications_in_Iraq", 25

louvain_community, title, in_traffic
1551, "Boomer_Island_(Tasmania)", 24
louvain_community, title, in_traffic
1552, "Stephen_Webb", 119
1552, "Stephen_H._Webb", 12
louvain_community, title, in_traffic
1553, "Sidney_Richard_Percy", 13
louvain_community, title, in_traffic
1554, "The_Postmarks", 16
louvain_community, title, in_traffic
1555, "George_Sigerson", 12
louvain_community, title, in_traffic
1556, "Claudiu_Petrila", 89
louvain_community, title, in_traffic
1557, "Comoros_Premier_League", 34
1557, "Ngaya_Club_de_Mdé", 27


louvain_community, title, in_traffic
1560, "S.L._Benfica_(rugby_union)", 10
louvain_community, title, in_traffic
1561, "List_of_MPs_elected_in_the_British_general_election,_1790", 14
louvain_community, title, in_traffic
1562, "Kawempe_Division", 44
louvain_community, title, in_traffic
1563, "Katharine_Whitehorn", 17
1563, "Gavin_Lyall", 10

louvain_community, title, in_traffic
1565, "June_1971", 20
louvain_community, title, in_traffic
1566, "Out_of_Life", 55
louvain_community, title, in_traffic
1567, "Elsie_Dinsmore", 25
louvain_community, title, in_traffic
1568, "2013_Lombard_regional_election", 39
louvain_community, title, in_traffic
1569, "Bandana_(pop_band)", 19
1569, "Valeria_Gastaldi", 11

louvain_community, title, in_traffic
1571, "Battle_of_Quang_Duc", 13
louvain_community, title, in_traffic
1572, "North_End,_Bexley", 35
louvain_community, title, in_traffic
1573, "1900_Sewanee_Tigers_football_team", 30
louvain_community, title, in_traffic
1574, "Antrobus,_Cheshire", 11
louvain_community, title, in_traffic
1575, "National_Highway_330_(India)", 16
louvain_community, title, in_traffic
1576, "DeLillos", 10
louvain_community, title, in_traffic
1577, "Viscount_Boyne", 16
louvain_community, title, in_traffic
1578, "Grand_Arcade_(Cambridge)", 16
1578, "Grafton_Centre", 15

louvain_community, title, in_traffic
1580, "NA-25_(Nowshera-I)", 34

louvain_community, title, in_traffic
1582, "Marind–Yaqai_languages", 13
louvain_community, title, in_traffic
1583, "Chris_Evans_(artist)", 131
louvain_community, title, in_traffic
1584, "David_Bruce_(composer)", 47

louvain_community, title, in_traffic
1586, "Pisagua_internment_camp", 16
louvain_community, title, in_traffic
1587, "Haaren,_North_Brabant", 10
louvain_community, title, in_traffic
1588, "Church_of_Central_Africa_Presbyterian", 20
louvain_community, title, in_traffic
1589, "Vanishing_Point_(band)", 16
louvain_community, title, in_traffic
1590, "Um_Himmels_Willen", 19
louvain_community, title, in_traffic
1591, "Bhupen_Khakhar", 40
louvain_community, title, in_traffic
1592, "Bank_Hall_Estate", 23
1592, "Baron_Lilford", 21
louvain_community, title, in_traffic
1593, "The_Here_After", 141
1593, "Ellen_Mattsson", 20
1593, "Ulrik_Munther", 18
louvain_community, title, in_traffic
1594, "Battle_of_Kjølberg_Bridge", 17
1594, "Battle_of_Lier", 13
1594, "Battle_of_Fredrikstad", 11
1594, "Battle_of_Langnes", 10

louvain_community, title, in_traffic
1596, "Roadside_America", 78
louvain_community, title, in_traffic
1597, "A._S._A._Harrison", 47

louvain_community, title, in_traffic
1599, "Bruce_Bannister", 10
louvain_community, title, in_traffic
1600, "World_Conference_on_Women,_1995", 154
1600, "World_Conference_on_Women,_1975", 12

louvain_community, title, in_traffic
1602, "Dervish_Ali_Astrakhani", 51
1602, "List_of_Astrakhan_khans", 27
1602, "Qasim_II_of_Astrakhan", 11
louvain_community, title, in_traffic
1603, "Sara_Sant'Ambrogio", 11
louvain_community, title, in_traffic
1604, "Baron_Carew", 26
1604, "William_Conolly-Carew,_6th_Baron_Carew", 15
louvain_community, title, in_traffic
1605, "Foreign_relations_of_Djibouti", 87
1605, "Djibouti–United_States_relations", 17

louvain_community, title, in_traffic
1607, "Richard_Carnac_Temple", 153
1607, "The_Indian_Antiquary", 25
louvain_community, title, in_traffic
1608, "Alan_Barnes_(musician)", 57
1608, "Barnes", 19
1608, "Barnes_(name)", 16
louvain_community, title, in_traffic
1609, "Kult_(band)", 43
1609, "Kazik_Staszewski", 22
louvain_community, title, in_traffic
1610, "Viktoria_und_ihr_Husar", 14
louvain_community, title, in_traffic
1611, "Bill_Fay", 104
1611, "Ray_Russell_(musician)", 34
louvain_community, title, in_traffic
1612, "List_of_horticultural_magazines", 17
louvain_community, title, in_traffic
1613, "List_of_French_films_of_1940", 58

louvain_community, title, in_traffic
1615, "Henry_Harrison_Swan", 10
louvain_community, title, in_traffic
1616, "Little_Gandhi", 39
1616, "The_Return_to_Homs", 39
1616, "Cinema_of_Syria", 32
1616, "List_of_Syrian_submissions_for_the_Academy_Award_for_Best_Foreign_Language_Film", 19

louvain_community, title, in_traffic
1618, "William_Bateman-Hanbury,_2nd_Baron_Bateman", 87
louvain_community, title, in_traffic
1619, "12_Angry_Lebanese:_The_Documentary", 18
louvain_community, title, in_traffic
1620, "CDA_Navalcarnero", 34
1620, "Navalcarnero", 11
louvain_community, title, in_traffic
1621, "Zvyazda", 17
louvain_community, title, in_traffic
1622, "2017_Cumbria_County_Council_election", 40
louvain_community, title, in_traffic
1623, "Mohania_(Vidhan_Sabha_constituency)", 13
louvain_community, title, in_traffic
1624, "Ministry_of_Electricity_and_Energy_(Myanmar)", 12

louvain_community, title, in_traffic
1626, "Samuel_Lewis_Navarro", 56
louvain_community, title, in_traffic
1627, "1978_Bolivian_general_election", 23
louvain_community, title, in_traffic
1628, "New_York_City_Department_of_Consumer_Affairs", 13

louvain_community, title, in_traffic
1630, "Lyall_Brooks", 11

louvain_community, title, in_traffic
1632, "The_Great_Pacific_War", 23
louvain_community, title, in_traffic
1633, "CJOC-FM", 16


louvain_community, title, in_traffic
1636, "Nobuhiro_Kiyotaki", 68
louvain_community, title, in_traffic
1637, "Daniel_Weber", 95
louvain_community, title, in_traffic
1638, "Sharon_Shinn", 10
louvain_community, title, in_traffic
1639, "Representatives_of_the_President_of_Ukraine", 10
louvain_community, title, in_traffic
1640, "Viscount_Hawarden", 20
1640, "Cornwallis_Maude,_1st_Earl_de_Montalt", 17
louvain_community, title, in_traffic
1641, "Blenkinsopp_Castle", 13
louvain_community, title, in_traffic
1642, "Sanabria_(comarca)", 17
1642, "Benavente,_Zamora", 12
louvain_community, title, in_traffic
1643, "Andrzej_Dziubek", 38
louvain_community, title, in_traffic
1644, "Danijela_Dimitrovska", 25
1644, "Ognjen_Amidžić", 19
louvain_community, title, in_traffic
1645, "San_Javier,_Uruguay", 10
louvain_community, title, in_traffic
1646, "List_of_Brentford_F.C._seasons", 320
1646, "2017–18_Brentford_F.C._season", 12
louvain_community, title, in_traffic
1647, "Bude_railway_station", 12
louvain_community, title, in_traffic
1648, "Least_I_Could_Do", 22
louvain_community, title, in_traffic
1649, "Kildonan,_Arran", 19
louvain_community, title, in_traffic
1650, "Coffee_Republic", 64
1650, "Sahar_Hashemi", 51
1650, "Bobby_Hashemi", 17
louvain_community, title, in_traffic
1651, "Dorothy_Kunhardt", 41
1651, "Pat_the_Bunny", 20
louvain_community, title, in_traffic
1652, "List_of_extreme_points_of_Hungary", 12
louvain_community, title, in_traffic
1653, "Charles_Eugene,_2nd_Duke_of_Arenberg", 11
louvain_community, title, in_traffic
1654, "Rossmore_Forest_Park", 20
1654, "Rossmore_Castle", 18
louvain_community, title, in_traffic
1655, "1927_Ekstraklasa", 22
louvain_community, title, in_traffic
1656, "NA-226_(Hyderabad-II)", 16
louvain_community, title, in_traffic
1657, "Barrabás", 45
louvain_community, title, in_traffic
1658, "Latitude_and_longitude_of_cities,_A-H", 20
louvain_community, title, in_traffic
1659, "Darrin_Bell", 87
louvain_community, title, in_traffic
1660, "Catholic_Church_in_Namibia", 17


louvain_community, title, in_traffic
1663, "Alphabetical_(disambiguation)", 425
1663, "Alphabetical_(game_show)", 303
louvain_community, title, in_traffic
1664, "Shahlyla_Ahmadzai", 55
louvain_community, title, in_traffic
1665, "Silvermines", 10
louvain_community, title, in_traffic
1666, "299th_Infantry_Division_(Wehrmacht)", 13

louvain_community, title, in_traffic
1668, "Srikakulam_peasant_uprising", 36
louvain_community, title, in_traffic
1669, "Rushbrooke_Hall", 16
louvain_community, title, in_traffic
1670, "FK_Sloga_Kraljevo", 10
louvain_community, title, in_traffic
1671, "Mba_languages", 43

louvain_community, title, in_traffic
1673, "Romanian_Academy", 45

louvain_community, title, in_traffic
1675, "Foreign_relations_of_Burkina_Faso", 46

louvain_community, title, in_traffic
1677, "Dead_Media_Project", 18
louvain_community, title, in_traffic
1678, "2017_Egyptian_Super_Cup", 111
louvain_community, title, in_traffic
1679, "Betty_Amann", 94
louvain_community, title, in_traffic
1680, "Stephen_Hunt_(author)", 65
louvain_community, title, in_traffic
1681, "Bunkface", 34

louvain_community, title, in_traffic
1683, "Philip_Ardagh", 30
louvain_community, title, in_traffic
1684, "Melvyn_Weiss", 11
louvain_community, title, in_traffic
1685, "Markovo_Republic", 17
louvain_community, title, in_traffic
1686, "The_Ghost_(American_band)", 218
louvain_community, title, in_traffic
1687, "Winnie_and_Wilbur_(TV_series)", 14
louvain_community, title, in_traffic
1688, "Zacchaeus_Okoth", 19
louvain_community, title, in_traffic
1689, "Turkey_national_football_team_results", 119
louvain_community, title, in_traffic
1690, "Edward_Phelips_(speaker)", 37
louvain_community, title, in_traffic
1691, "Mendip_Hospital", 36
louvain_community, title, in_traffic
1692, "Jayal", 35

louvain_community, title, in_traffic
1694, "Minken_Fosheim", 15
1694, "The_Monroes", 13
louvain_community, title, in_traffic
1695, "The_65_Lakh_Heist", 10
louvain_community, title, in_traffic
1696, "Peter_Goodfellow_(politician)", 164
louvain_community, title, in_traffic
1697, "Shapeshifting_(Young_Galaxy_album)", 46
