louvain_community, title, degree
1428, "National_Museum_of_Iceland", 3
1428, "Viking_World_museum", 2
1428, "Valþjófsstaður_door", 1
1428, "Reykjavik_Art_Museum", 1
1428, "List_of_museums_in_Iceland", 1
louvain_community, title, degree
1429, "Red_Devils_(film)", 4
1429, "Ivan_Perestiani", 2
1429, "Red_Devils_(story)", 1
1429, "The_Crime_of_Shirvanskaya", 1
louvain_community, title, degree
1430, "1997_New_Zealand_National_Party_leadership_election", 4
1430, "2001_New_Zealand_National_Party_leadership_election", 4
1430, "1986_New_Zealand_National_Party_leadership_election", 4
1430, "1984_New_Zealand_National_Party_leadership_election", 3
1430, "2003_New_Zealand_National_Party_leadership_election", 2
louvain_community, title, degree
1431, "Tomasz_Lis", 4
1431, "Katarzyna_Cichopek", 3
1431, "Kinga_Rusin", 3
1431, "Hanna_Lis", 2
1431, "Edyta_Herbuś", 1
louvain_community, title, degree
1432, "Bake_Off_Brasil", 4
1432, "Olivier_Anquier", 2
1432, "Bake_Off_Brasil_(season_4)", 2
1432, "Bake_Off_Brasil_(season_3)", 1
1432, "Adriana_Alves", 1
louvain_community, title, degree
1433, "Angela_Schanelec", 6
1433, "Marseille_(2004_film)", 2
1433, "Germany_09:_13_Short_Films_About_the_State_of_the_Nation", 1
1433, "The_Death_of_the_White_Stallion", 1
1433, "Places_in_Cities", 1
louvain_community, title, degree
1434, "List_of_Technological_Universities_in_Myanmar", 13
1434, "Yangon_Technological_University", 2
1434, "West_Yangon_Technological_University", 2
1434, "Mandalay_Technological_University", 1
1434, "Pyay_Technological_University", 1
louvain_community, title, degree
1435, "Tai_Solarin", 4
1435, "Mayflower_School", 3
1435, "Sheila_Mary_Tuer", 3
louvain_community, title, degree
1436, "Walt_Dickerson", 6
1436, "Peace_(Walt_Dickerson_album)", 3
1436, "Walt_Dickerson_1976", 3
1436, "Serendipity_(Walt_Dickerson_album)", 1
1436, "This_Is_Walt_Dickerson!", 1
louvain_community, title, degree
1437, "Audi_Cup", 9
1437, "2011_Audi_Cup", 5
1437, "2013_Audi_Cup", 5
1437, "2015_Audi_Cup", 5
1437, "2017_Audi_Cup", 4
louvain_community, title, degree
1438, "Sanders_Confectionery", 5
1438, "Bumpy_cake", 3
1438, "Morley_Candy_Company", 3
1438, "Sanders", 1
louvain_community, title, degree
1439, "Mary_Hanafin", 4
1439, "Averil_Power", 1
1439, "John_Hanafin", 1
1439, "Cormac_Devlin", 1
1439, "Des_Hanafin", 1
louvain_community, title, degree
1440, "Duc_de_La_Force", 3
1440, "Armand-Nompar_II_de_Caumont,_duc_de_La_Force", 2
1440, "Jacques-Nompar_III_de_Caumont,_duc_de_La_Force", 1
1440, "Auguste-Armand_de_la_Force", 1
1440, "La_Force,_Dordogne", 1
louvain_community, title, degree
1441, "Registered_Tax_Return_Preparer", 4
1441, "Registered_Tax_Return_Preparer_Test", 2
1441, "Circular_230", 1
1441, "Annual_Filing_Season_Program", 1
louvain_community, title, degree
1442, "Nelly_(2016_film)", 4
1442, "Nelly_Arcan", 3
1442, "Mylène_Mackay", 2
1442, "Anne_Émond", 1
louvain_community, title, degree
1443, "NK_Kras_Repen", 3
1443, "Radenko_Kneževič", 1
1443, "Rok_Baskera", 1
1443, "Damir_Hadžić_(footballer,_born_1984)", 1
louvain_community, title, degree
1444, "Bernard_II,_Lord_of_Lippe", 3
1444, "Herman_II,_Lord_of_Lippe", 3
1444, "Bernard_VI,_Lord_of_Lippe", 2
1444, "Otto,_Lord_of_Lippe", 2
1444, "Bernard_IV,_Lord_of_Lippe", 2
louvain_community, title, degree
1445, "Yogesh_Pratap_Singh", 3
1445, "Abha_Singh", 2
1445, "Kya_Yahi_Sach_Hai", 1
louvain_community, title, degree
1446, "Zamania_(Assembly_constituency)", 3
1446, "Sunita_Singh", 1
1446, "Sunita_(politician)", 1
1446, "Raj_Kumar_Singh_Gautam", 1
louvain_community, title, degree
1447, "Richard_Newport,_2nd_Earl_of_Bradford", 3
1447, "Francis_Newport,_1st_Earl_of_Bradford", 2
1447, "Henry_Bridgeman,_1st_Baron_Bradford", 2
1447, "Sir_Orlando_Bridgeman,_4th_Baronet", 2
1447, "Francis_Newport_(died_1623)", 2
louvain_community, title, degree
1448, "Shadowmancer", 6
1448, "G._P._Taylor", 5
1448, "Tersias", 4
1448, "Wormwood_(Taylor_novel)", 4
1448, "The_Shadowmancer_Returns:_The_Curse_of_Salamander_Street", 3
louvain_community, title, degree
1449, "List_of_ambassadors_of_the_United_Kingdom_to_Belgium", 4
1449, "Alison_Rose", 2
1449, "John_Gray_(diplomat)", 1
1449, "Michael_Aron", 1
louvain_community, title, degree
1450, "Falk", 3
1450, "Faulk", 1
1450, "Falk,_California", 1
1450, "Falk_(name)", 1
louvain_community, title, degree
1451, "Turgai", 3
1451, "Turgay_Oblast_(Russian_Empire)", 1
1451, "Torgay_Region", 1
1451, "Turgay", 1
louvain_community, title, degree
1452, "Alternative_Miss_World", 5
1452, "Andrew_Logan", 4
1452, "The_British_Guide_to_Showing_Off", 3
1452, "Andrey_Bartenev", 1
1452, "Berriew", 1
louvain_community, title, degree
1453, "1950_Soviet_Union_legislative_election", 4
1453, "1966_Soviet_Union_legislative_election", 4
1453, "1962_Soviet_Union_legislative_election", 4
1453, "1954_Soviet_Union_legislative_election", 4
1453, "1974_Soviet_Union_legislative_election", 4
louvain_community, title, degree
1454, "Junior_Mance", 10
1454, "The_Soulful_Piano_of_Junior_Mance", 5
1454, "Big_Chief!", 3
1454, "Junior_(Junior_Mance_album)", 3
1454, "Junior_Mance_Trio_at_the_Village_Vanguard", 3
louvain_community, title, degree
1455, "The_Singing_Kettle", 6
1455, "Kingskettle", 2
1455, "Motormark", 2
1455, "Funbox_(theatre_group)", 2
louvain_community, title, degree
1456, "Ann_Zacharias", 6
1456, "The_Wing_or_the_Thigh", 4
1456, "Sascha_Zacharias", 2
1456, "Le_Crocodile_(cancelled_film)", 1
1456, "The_Last_Adventure_(1974_film)", 1
louvain_community, title, degree
1457, "1948_Philadelphia_Athletics_season", 3
1457, "1953_Philadelphia_Athletics_season", 2
1457, "1956_Kansas_City_Athletics_season", 2
1457, "1947_Philadelphia_Athletics_season", 2
1457, "1954_Philadelphia_Athletics_season", 2
louvain_community, title, degree
1458, "2003_in_South_African_television", 2
1458, "2008_in_South_African_television", 2
1458, "2002_in_South_African_television", 2
1458, "2007_in_South_African_television", 2
1458, "2005_in_South_African_television", 2
louvain_community, title, degree
1459, "Kate_Seredy", 5
1459, "The_Good_Master", 3
1459, "The_White_Stag", 2
1459, "The_Singing_Tree", 2
louvain_community, title, degree
1460, "Ramanbhai_Neelkanth", 6
1460, "Vidyagauri_Nilkanth", 4
1460, "Vinodini_Nilkanth", 4
1460, "Mahipatram_Rupram_Nilkanth", 2
louvain_community, title, degree
1461, "Pendragon:_Journal_of_an_Adventure_through_Time_and_Space", 21
1461, "The_Pilgrims_of_Rayne", 6
1461, "Raven_Rise", 6
1461, "The_Rivers_of_Zadaa", 6
1461, "The_Quillan_Games", 5
louvain_community, title, degree
1462, "Zac_Brewer", 10
1462, "Ninth_Grade_Slays", 7
1462, "Twelfth_Grade_Kills", 6
1462, "Tenth_Grade_Bleeds", 6
1462, "Eleventh_Grade_Burns", 6
louvain_community, title, degree
1463, "Angelica_(band)", 5
1463, "Holly_Ross", 4
1463, "The_Lovely_Eggs", 3
1463, "The_End_of_a_Beautiful_Career", 1
1463, "The_Seven_Year_Itch_(Angelica_album)", 1
louvain_community, title, degree
1464, "The_Black_Duchess", 3
1464, "The_White_Duchess", 3
1464, "The_Duchess_of_Alba_and_la_Beata", 2
louvain_community, title, degree
1465, "Borders_of_Brazil", 5
1465, "Brazil–France_border", 1
1465, "Brazil–Colombia_border", 1
1465, "Brazil–Venezuela_border", 1
1465, "Brazil–Peru_border", 1
louvain_community, title, degree
1466, "Sztum_County", 2
1466, "Sztum", 2
1466, "Kwidzyn_County", 1
1466, "Monika_Merl", 1
louvain_community, title, degree
1467, "1953_in_Australia", 2
1467, "1952_in_Australia", 2
1467, "1951_in_Australia", 2
1467, "1954_in_Australia", 1
1467, "1950_in_Australia", 1
louvain_community, title, degree
1468, "Augie_March", 12
1468, "Moo,_You_Bloody_Choir", 4
1468, "One_Crowded_Hour", 4
1468, "Strange_Bird", 3
1468, "Glenn_Richards", 2
louvain_community, title, degree
1469, "Michael_Lindsay,_2nd_Baron_Lindsay_of_Birker", 3
1469, "James_Lindsay,_3rd_Baron_Lindsay_of_Birker", 3
1469, "Sandie_Lindsay,_1st_Baron_Lindsay_of_Birker", 2
1469, "Baron_Lindsay_of_Birker", 2
1469, "Hsiao_Li_Lindsay,_Baroness_Lindsay_of_Birker", 2
louvain_community, title, degree
1470, "Joseph_Grinnell_(politician)", 3
1470, "Moses_H._Grinnell", 2
1470, "Henry_Grinnell", 1
louvain_community, title, degree
1471, "Watsonia_(plant)", 4
1471, "Watsonia", 2
1471, "Watsonia_borbonica", 1
1471, "Parastrophia", 1
1471, "Watsonia_marginata", 1
louvain_community, title, degree
1472, "Arrondissement_of_Castelsarrasin", 5
1472, "Canton_of_Garonne-Lomagne-Brulhois", 1
1472, "Canton_of_Pays_de_Serres_Sud-Quercy", 1
1472, "Canton_of_Valence", 1
1472, "Canton_of_Beaumont-de-Lomagne", 1
louvain_community, title, degree
1473, "Dodds_(surname)", 2
1473, "Dodd", 2
1473, "Dodd_(surname)", 2
1473, "Dodds", 1
1473, "Red_Pike_(Buttermere)", 1
louvain_community, title, degree
1474, "Ben_Rice", 2
1474, "Ben_Rice_(author)", 2
1474, "Pobby_and_Dingan", 1
1474, "Ben_Rice_(producer)", 1
louvain_community, title, degree
1475, "List_of_Turkmenistan_films", 3
1475, "Cinema_of_Turkmenistan", 1
1475, "Karakum_(film)", 1
1475, "Tree_Dzhamal", 1
louvain_community, title, degree
1476, "Hotzenplotz", 3
1476, "The_Robber_Hotzenplotz", 2
1476, "Osobłoga", 1
1476, "Otfried_Preußler", 1
1476, "Osoblaha", 1
louvain_community, title, degree
1477, "1989_European_Parliament_election_in_the_Netherlands", 4
1477, "2004_European_Parliament_election_in_the_Netherlands", 4
1477, "1999_European_Parliament_election_in_the_Netherlands", 3
1477, "1994_European_Parliament_election_in_the_Netherlands", 3
1477, "1984_European_Parliament_election_in_the_Netherlands", 3
louvain_community, title, degree
1478, "1971_Italian_presidential_election", 4
1478, "1964_Italian_presidential_election", 4
1478, "1978_Italian_presidential_election", 4
1478, "1955_Italian_presidential_election", 3
1478, "1962_Italian_presidential_election", 3
louvain_community, title, degree
1479, "The_Briefs", 7
1479, "The_Cute_Lepers", 2
1479, "Off_the_Charts", 1
1479, "Hit_After_Hit", 1
1479, "Steal_Yer_Heart", 1
louvain_community, title, degree
1480, "Freedy_Johnston", 13
1480, "This_Perfect_World", 8
1480, "Bad_Reputation_(Freedy_Johnston_song)", 4
1480, "Can_You_Fly", 4
1480, "Never_Home", 3
louvain_community, title, degree
1481, "The_Cyclone_(film)", 6
1481, "Leonardo_Pieraccioni", 5
1481, "Lorena_Forteza", 2
1481, "Tosca_D'Aquino", 1
1481, "I_Love_You_in_All_the_Languages_in_the_World", 1
louvain_community, title, degree
1482, "2003_Scottish_National_Party_leadership_election", 4
1482, "1979_Scottish_National_Party_leadership_election", 3
1482, "2000_Scottish_National_Party_leadership_election", 3
1482, "1990_Scottish_National_Party_leadership_election", 3
1482, "2004_Scottish_National_Party_leadership_election", 2
louvain_community, title, degree
1483, "Angus_Donald", 4
1483, "Outlaw_(novel)", 3
1483, "Holy_Warrior", 3
1483, "King's_Man", 2
louvain_community, title, degree
1484, "The_Perfect_Stranger_(film)", 8
1484, "Jefferson_Moore", 7
1484, "The_Perfect_Gift", 6
1484, "Another_Perfect_Stranger", 6
1484, "Nikki_and_the_Perfect_Stranger", 5
louvain_community, title, degree
1485, "Laufenburg,_Germany", 2
1485, "Laufenburg", 2
1485, "Laufenburg,_Aargau", 2
louvain_community, title, degree
1486, "Mamaidev", 3
1486, "Dhani_Matang_Dev", 3
1486, "Barmati_Panth", 2
louvain_community, title, degree
1487, "Dayworld", 4
1487, "Dayworld_(trilogy)", 3
1487, "Dayworld_Rebel", 2
1487, "The_Sliced-Crosswise_Only-On-Tuesday_World", 1
louvain_community, title, degree
1488, "Peg_Kehret", 4
1488, "Small_Steps:_The_Year_I_Got_Polio", 2
1488, "I'm_Not_Who_You_Think_I_Am", 1
1488, "Earthquake_Terror", 1
louvain_community, title, degree
1489, "Shashikant_Dhotre", 4
1489, "Bandu_Dhotre", 1
1489, "Prayag_Jha", 1
1489, "Shirapur", 1
1489, "Govind_Solegaonkar", 1
louvain_community, title, degree
1490, "Voxtrot", 7
1490, "Ramesh_Srivastava", 4
1490, "Voxtrot_(album)", 4
1490, "Mothers,_Sisters,_Daughters_&_Wives", 3
1490, "Raised_by_Wolves_(EP)", 3
louvain_community, title, degree
1491, "Electoral_districts_of_Kuwait", 5
1491, "Kuwait's_First_District", 1
1491, "Kuwait's_Third_District", 1
1491, "Kuwait's_Fourth_District", 1
1491, "Kuwait's_Fifth_District", 1
louvain_community, title, degree
1492, "George_Abercromby,_2nd_Baron_Abercromby", 3
1492, "George_Abercromby,_3rd_Baron_Abercromby", 3
1492, "Baron_Abercromby", 2
1492, "Baron_Dunfermline", 2
1492, "George_Abercromby,_4th_Baron_Abercromby", 2
louvain_community, title, degree
1493, "1958_United_States_Senate_election_in_Virginia", 4
1493, "1933_United_States_Senate_special_election_in_Virginia", 4
1493, "1934_United_States_Senate_election_in_Virginia", 3
1493, "1952_United_States_Senate_election_in_Virginia", 3
1493, "1964_United_States_Senate_election_in_Virginia", 2
louvain_community, title, degree
1494, "Jordan_Thompson_(American_football)", 3
1494, "Jordan_Thompson", 1
1494, "Rockford,_Ohio", 1
1494, "Parkway_High_School_(Rockford,_Ohio)", 1
louvain_community, title, degree
1495, "American_Peace_Society", 4
1495, "World_Affairs", 2
1495, "William_Ladd", 2
1495, "Policy_Studies_Organization", 1
1495, "Benjamin_Franklin_Trueblood", 1
louvain_community, title, degree
1496, "Seafort_Saga", 4
1496, "David_Feintuch", 2
1496, "Minor_characters_in_the_Seafort_Saga", 1
1496, "Nicholas_Seafort", 1
louvain_community, title, degree
1497, "Jobst_of_Limburg", 3
1497, "Otto_of_Limburg", 3
1497, "Hermann_Otto_I_of_Limburg-Styrum", 2
1497, "Otto_IV_of_Schaumburg", 1
1497, "Albrecht_Georg_of_Limburg", 1
louvain_community, title, degree
1498, "Petorca_Province", 3
1498, "Petorca", 2
1498, "La_Ligua", 1
louvain_community, title, degree
1499, "1910_Croatian_parliamentary_election", 4
1499, "1908_Croatian_parliamentary_election", 4
1499, "1906_Croatian_parliamentary_election", 3
1499, "1911_Croatian_parliamentary_election", 2
1499, "1901_Croatian_parliamentary_election", 1
louvain_community, title, degree
1500, "John_Case_(novelist)", 3
1500, "John_Case", 2
1500, "Carolyn_Hougan", 1
1500, "John_Case_(Aristotelian_writer)", 1
1500, "Jim_Hougan", 1
louvain_community, title, degree
1501, "Spectrum_Award_for_Grand_Master", 2
1501, "Claire_Wendling", 2
1501, "Spectrum_Award", 1
1501, "Régis_Loisel", 1
louvain_community, title, degree
1502, "Administrative_divisions_of_Kostroma_Oblast", 5
1502, "Manturovsky_District,_Kostroma_Oblast", 1
1502, "Volgorechensk", 1
1502, "Neysky_District", 1
1502, "Antropovsky_District", 1
louvain_community, title, degree
1503, "Abuja_Declaration", 2
1503, "Abuja_Agreement", 2
1503, "Abuja_Declaration_(2001)", 1
1503, "Abuja_Accord_(Liberia)", 1
louvain_community, title, degree
1504, "David_Knight", 3
1504, "David_Knight_(American_football)", 1
1504, "David_Knight_(musician)", 1
1504, "David_M._Knight", 1
louvain_community, title, degree
1505, "William_Bolcom", 5
1505, "List_of_compositions_by_William_Bolcom", 3
1505, "Twelve_New_Etudes_for_Piano", 2
1505, "Joan_Morris", 2
louvain_community, title, degree
1506, "William_Crawshay_I", 5
1506, "Cyfarthfa_Castle", 5
1506, "Richard_Crawshay", 5
1506, "William_Crawshay_II", 4
1506, "Cyfarthfa_Ironworks", 3
louvain_community, title, degree
1507, "Krystal_Meyers", 4
1507, "Krystal_Meyers_(album)", 1
1507, "Make_Some_Noise_(Krystal_Meyers_album)", 1
1507, "Krystal_Meyers_discography", 1
1507, "Dying_for_a_Heart", 1
louvain_community, title, degree
1508, "Annie_Elizabeth_Delany", 8
1508, "Sarah_Louise_Delany", 8
1508, "Having_Our_Say:_The_Delany_Sisters'_First_100_Years", 5
1508, "Henry_Beard_Delany", 5
1508, "Hubert_Thomas_Delany", 4
louvain_community, title, degree
1509, "Stapleford_Park", 4
1509, "Bob_Payton", 2
1509, "Baron_Gretton", 2
1509, "The_Chicago_Pizza_Pie_Factory", 1
1509, "John_Gretton,_4th_Baron_Gretton", 1
louvain_community, title, degree
1510, "Mikhail_Ippolitov-Ivanov", 5
1510, "Caucasian_Sketches", 3
1510, "Caucasian_Sketches,_Suite_No._1", 2
1510, "List_of_compositions_by_Mikhail_Ippolitov-Ivanov", 1
1510, "Mikhail_Ivanov_(composer)", 1
louvain_community, title, degree
1511, "Echolyn", 11
1511, "As_the_World", 2
1511, "Echolyn_(1991_album)", 2
1511, "Brett_Kull", 1
1511, "And_Every_Blossom", 1
louvain_community, title, degree
1512, "2004_UEFA_European_Under-21_Championship_qualification", 3
1512, "2004_UEFA_European_Under-21_Championship_qualification_Group_6", 1
1512, "2004_UEFA_European_Under-21_Championship_qualification_Group_2", 1
1512, "2004_UEFA_European_Under-21_Championship_qualification_Group_1", 1
louvain_community, title, degree
1513, "2018_Hammarby_Fotboll_season", 2
1513, "2016_Hammarby_Fotboll_season", 2
1513, "2017_Hammarby_Fotboll_season", 2
1513, "2019_Hammarby_Fotboll_season", 1
1513, "2015_Hammarby_Fotboll_season", 1
louvain_community, title, degree
1514, "Spunge", 7
1514, "Room_for_Abuse_2006", 1
1514, "Room_for_Abuse", 1
1514, "That_Should_Cover_It!", 1
1514, "Pedigree_Chump", 1
louvain_community, title, degree
1515, "Paikmal", 2
1515, "Jharbandh", 2
1515, "Bhandarpuri", 1
1515, "Temri", 1
louvain_community, title, degree
1516, "Natalie_Walker", 5
1516, "Daughter_Darling", 3
1516, "Sweet_Shadows", 2
1516, "Natalie_Walker_(actress)", 2
louvain_community, title, degree
1517, "Pena_(surname)", 2
1517, "Pena", 2
1517, "Peña_(surname)", 1
1517, "Peña", 1
louvain_community, title, degree
1518, "Steve_Schewel", 3
1518, "Bill_Bell_(mayor)", 3
1518, "Harry_E._Rodenhizer_Jr.", 2
1518, "Nick_Tennyson", 2
1518, "Sylvia_Kerckhoff", 2
louvain_community, title, degree
1519, "Bajofondo", 6
1519, "Bajofondo_Tango_Club_(album)", 2
1519, "Mar_dulce", 1
1519, "Luciano_Supervielle", 1
1519, "Juan_Campodónico", 1
louvain_community, title, degree
1520, "John_Akomfrah", 9
1520, "Black_Audio_Film_Collective", 6
1520, "Handsworth_Songs", 4
1520, "The_Last_Angel_of_History", 3
1520, "Seven_Songs_for_Malcolm_X", 2
louvain_community, title, degree
1521, "Gardner_Cowles_Jr.", 4
1521, "Cowles_Media_Company", 2
1521, "Gardner_Cowles_Sr.", 2
1521, "John_Cowles_Sr.", 2
1521, "John_Cowles_Jr.", 1
louvain_community, title, degree
1522, "Michael_Healy-Rae", 8
1522, "Jackie_Healy-Rae", 7
1522, "Danny_Healy-Rae", 7
1522, "Healy-Rae_family", 6
1522, "Kilgarvan", 5
louvain_community, title, degree
1523, "Solomonica_de_Winter", 2
1523, "Leon_de_Winter", 2
1523, "Jessica_Durlacher", 2
louvain_community, title, degree
1524, "Glynne_baronets", 3
1524, "Sir_William_Glynne,_1st_Baronet", 1
1524, "Sir_Stephen_Glynne,_9th_Baronet", 1
1524, "Glynne", 1
louvain_community, title, degree
1525, "Neville_Wigram,_2nd_Baron_Wigram", 3
1525, "Evelyn_Webb-Carter", 2
1525, "Baron_Wigram", 1
louvain_community, title, degree
1526, "List_of_hospitals_in_Yangon", 5
1526, "New_Yangon_General_Hospital", 1
1526, "North_Okkalapa_General_Hospital", 1
1526, "500–bed_Specialty_Hospital,_Yangon", 1
1526, "Asia_Royal_Cardiac_&_Medical_Care_Centre", 1
louvain_community, title, degree
1527, "George_Johnston_(novelist)", 6
1527, "Clean_Straw_for_Nothing", 4
1527, "Charmian_Clift", 4
1527, "Martin_Johnston", 3
1527, "My_Brother_Jack", 3
louvain_community, title, degree
1528, "Frank_McBrearty_Snr", 3
1528, "Morris_Tribunal", 2
1528, "Frank_McBrearty_Jnr", 1
louvain_community, title, degree
1529, "So_You_Think_You_Can_Dance_(Belgian_and_Dutch_TV_series)", 7
1529, "So_You_Think_You_Can_Dance_(Belgium_and_the_Netherlands,_season_4)", 3
1529, "So_You_Think_You_Can_Dance_(Belgium_and_the_Netherlands,_season_5)", 3
1529, "So_You_Think_You_Can_Dance_(Belgium_and_the_Netherlands,_season_2)", 3
1529, "So_You_Think_You_Can_Dance_(Belgium_and_the_Netherlands,_season_3)", 3
louvain_community, title, degree
1530, "1906_Serbian_parliamentary_election", 4
1530, "1905_Serbian_parliamentary_election", 4
1530, "1908_Serbian_parliamentary_election", 4
1530, "1912_Serbian_parliamentary_election", 3
1530, "September_1903_Serbian_parliamentary_election", 3
louvain_community, title, degree
1531, "List_of_hospitals_in_Cameroon", 5
1531, "Central_Hospital_of_Yaoundé", 1
1531, "University_Teaching_Hospital_of_Yaounde", 1
1531, "Yaoundé_Gynaecology,_Obstetrics_and_Pediatrics_Hospital", 1
1531, "Yaoundé_General_Hospital", 1
louvain_community, title, degree
1532, "Eastern_Division_(New_South_Wales)", 3
1532, "Western_Division_(New_South_Wales)", 2
1532, "Central_Division_(New_South_Wales)", 1
louvain_community, title, degree
1533, "Brigitte_(duo)", 5
1533, "Sylvie_Hoarau", 3
1533, "Aurélie_Saada", 2
1533, "Brigitte_(disambiguation)", 1
1533, "Et_vous,_tu_m'aimes_?", 1
louvain_community, title, degree
1534, "Teddy_Bear_(1980_film)", 3
1534, "Stanisław_Bareja", 1
1534, "The_Cruise_(1970_film)", 1
1534, "Stanisław_Tym", 1
louvain_community, title, degree
1535, "Geddes", 2
1535, "Geddes_(surname)", 2
1535, "Geddes,_Highland", 1
1535, "Clan_Ged", 1
louvain_community, title, degree
1536, "Marvaless", 3
1536, "Just_Marvaless", 1
1536, "Wiccked", 1
1536, "Ghetto_Blues", 1
louvain_community, title, degree
1537, "The_Colourist", 3
1537, "Paper_Thin_Walls", 1
1537, "Will_You_Wait_for_Me_(EP)", 1
1537, "The_Colourist_(album)", 1
louvain_community, title, degree
1538, "Nic_Jones", 8
1538, "Penguin_Eggs", 5
1538, "Nic_Jones_(album)", 3
1538, "Ballads_and_Songs", 2
1538, "The_Noah's_Ark_Trap", 2
louvain_community, title, degree
1539, "List_of_judges_of_the_Supreme_Court_of_South_Australia", 5
1539, "Chris_Kourakis", 3
1539, "Supreme_Court_of_South_Australia", 2
1539, "Anne_Bampton", 1
1539, "Ann_Vanstone", 1
louvain_community, title, degree
1540, "Viscount_Devonport", 3
1540, "Hudson_Kearley,_1st_Viscount_Devonport", 2
1540, "Terence_Kearley,_3rd_Viscount_Devonport", 1
louvain_community, title, degree
1541, "List_of_compositions_by_Tielman_Susato", 2
1541, "Tielman_Susato", 2
1541, "The_Battle_Pavane", 1
1541, "Susato", 1
louvain_community, title, degree
1542, "1961_All-Ireland_Senior_Football_Championship_Final", 2
1542, "1962_All-Ireland_Senior_Football_Championship_Final", 2
1542, "1963_All-Ireland_Senior_Football_Championship_Final", 1
1542, "1960_All-Ireland_Senior_Football_Championship_Final", 1
louvain_community, title, degree
1543, "Devni_Mori", 3
1543, "Rudrasena_I_(Saka_king)", 2
1543, "Shamlaji", 1
1543, "Rudrasena_I", 1
1543, "Rudrasimha_II", 1
louvain_community, title, degree
1544, "Achziv_Islands", 3
1544, "List_of_islands_of_Israel", 3
1544, "Rosh_HaNikra_Islands", 3
1544, "Adam_Rock", 1
louvain_community, title, degree
1545, "Lorraine_Davidson", 4
1545, "David_Martin", 3
1545, "David_Martin_(Scottish_politician)", 3
1545, "Tom_McCabe", 2
1545, "David_Martin_(sociologist)", 1
louvain_community, title, degree
1546, "1922_Philippine_Senate_elections", 2
1546, "1919_Philippine_Senate_elections", 2
1546, "1916_Philippine_Senate_elections", 1
1546, "1925_Philippine_Senate_elections", 1
louvain_community, title, degree
1547, "Shina_Peller", 4
1547, "Professor_Peller", 3
1547, "Club_Quilox", 2
1547, "Nike_Peller", 1
louvain_community, title, degree
1548, "William_Bateman,_1st_Viscount_Bateman", 2
1548, "John_Bateman,_2nd_Viscount_Bateman", 2
1548, "Viscount_Bateman", 2
louvain_community, title, degree
1549, "Iraqi_Telecommunications_and_Post_Company", 2
1549, "Telecommunications_in_Iraq", 2
1549, "Iraqi_Post", 1
1549, "State_Company_for_Internet_Services", 1
louvain_community, title, degree
1550, "Massi", 3
1550, "Masi", 2
1550, "Massi_(surname)", 1
1550, "Masi,_Veneto", 1
1550, "Massi,_Benin", 1
louvain_community, title, degree
1551, "Boomer_Island_(Tasmania)", 3
1551, "Hope_and_Anchor_Tavern", 3
1551, "The_Bush_Inn,_Tasmania", 1
1551, "Boomer_Bay,_Tasmania", 1
louvain_community, title, degree
1552, "Stephen_Webb", 4
1552, "Stephen_H._Webb", 2
1552, "Steve_Webb_(disambiguation)", 1
1552, "Stephen_A._Webb", 1
louvain_community, title, degree
1553, "Williams_family_of_painters", 3
1553, "Sidney_Richard_Percy", 1
1553, "Edward_Charles_Williams", 1
1553, "Edward_Williams_(painter)", 1
louvain_community, title, degree
1554, "The_Postmarks", 6
1554, "Memoirs_at_the_End_of_the_World", 1
1554, "By_the_Numbers", 1
1554, "The_Postmarks_(album)", 1
1554, "Remixes_(The_Postmarks_EP)", 1
louvain_community, title, degree
1555, "Sigerson_Cup", 3
1555, "Trench_Cup", 1
1555, "George_Sigerson", 1
1555, "Fitzgibbon_Cup", 1
louvain_community, title, degree
1556, "CFR_II_Cluj", 2
1556, "Claudiu_Petrila", 2
1556, "Sânnicolau_Român", 1
1556, "Cosmin_Sârbu", 1
louvain_community, title, degree
1557, "Comoros_Premier_League", 10
1557, "2018_Comoros_Premier_League", 4
1557, "Comoros_Cup", 2
1557, "2017_Comoros_Premier_League", 2
1557, "2018_Comoros_Cup", 1
louvain_community, title, degree
1558, "Serie_A_(futsal)", 6
1558, "Divisione_Calcio_a_5", 2
1558, "Pescara_Calcio_a_5", 1
1558, "Luparense_F.C._(futsal)", 1
1558, "Asti_Calcio_a_5", 1
louvain_community, title, degree
1559, "The_Space_Between_Us_(novel)", 3
1559, "Thrity_Umrigar", 2
1559, "The_Space_Between_Us", 1
louvain_community, title, degree
1560, "Rugby_union_in_Portugal", 3
1560, "Campeonato_Português_de_Rugby", 3
1560, "C.F._Os_Belenenses_(rugby_union)", 2
1560, "S.L._Benfica_(rugby_union)", 2
1560, "Campeonato_Nacional_de_Rugby_II_Divisão", 1
louvain_community, title, degree
1561, "List_of_MPs_elected_in_the_British_general_election,_1780", 2
1561, "List_of_MPs_elected_in_the_British_general_election,_1768", 2
1561, "List_of_MPs_elected_in_the_British_general_election,_1790", 1
1561, "List_of_MPs_elected_in_the_British_general_election,_1754", 1
louvain_community, title, degree
1562, "Kampala_Central_Division", 3
1562, "Kawempe_Division", 2
1562, "Divisions_of_Kampala", 2
1562, "Kawempe", 1
louvain_community, title, degree
1563, "Gavin_Lyall", 10
1563, "Katharine_Whitehorn", 2
1563, "Uncle_Target", 1
1563, "Venus_with_Pistol", 1
1563, "Midnight_Plus_One", 1
louvain_community, title, degree
1564, "National_Highway_365_(India)", 2
1564, "National_Highway_365A_(India)", 2
1564, "National_Highway_365B_(India)", 1
1564, "National_Highway_563_(India)", 1
louvain_community, title, degree
1565, "June_1971", 2
1565, "May_1971", 2
1565, "July_1971", 1
1565, "April_1971", 1
louvain_community, title, degree
1566, "Maroun_Bagdadi", 5
1566, "Out_of_Life", 2
1566, "L'homme_voilé", 1
1566, "Little_Wars_(film)", 1
1566, "La_Fille_de_l'air", 1
louvain_community, title, degree
1567, "Elsie_Dinsmore", 3
1567, "Martha_Finley", 3
1567, "Mildred_Keith", 2
louvain_community, title, degree
1568, "2010_Lombard_regional_election", 3
1568, "2005_Lombard_regional_election", 2
1568, "2000_Lombard_regional_election", 2
1568, "2013_Lombard_regional_election", 2
1568, "1995_Lombard_regional_election", 1
louvain_community, title, degree
1569, "Bandana_(pop_band)", 6
1569, "Vivir_Intentando", 1
1569, "Lourdes_Cecilia_Fernández", 1
1569, "Virginia_da_Cunha", 1
1569, "Valeria_Gastaldi", 1
louvain_community, title, degree
1570, "The_Men_of_Atalissa", 3
1570, "Atalissa,_Iowa", 2
1570, "Henry's_Turkey_Service", 1
louvain_community, title, degree
1571, "Battle_of_Ap_Da_Bien", 2
1571, "Battle_of_Trung_Nghia", 2
1571, "Battle_of_Tong_Le_Chon", 1
1571, "Battle_of_Quang_Duc", 1
louvain_community, title, degree
1572, "Northend", 3
1572, "North_End,_Bexley", 2
1572, "Northend,_Warwickshire", 1
1572, "North_End,_London", 1
1572, "Northend,_Buckinghamshire", 1
louvain_community, title, degree
1573, "1912_Sewanee_Tigers_football_team", 2
1573, "1909_Sewanee_Tigers_football_team", 2
1573, "1915_Sewanee_Tigers_football_team", 2
1573, "1906_Sewanee_Tigers_football_team", 2
1573, "1907_Sewanee_Tigers_football_team", 2
louvain_community, title, degree
1574, "Antrobus", 3
1574, "Antrobus_(surname)", 2
1574, "Antrobus_baronets", 2
1574, "Sir_Edward_Antrobus,_8th_Baronet", 1
1574, "Antrobus,_Cheshire", 1
louvain_community, title, degree
1575, "National_Highway_730_(India)", 4
1575, "National_Highway_730A_(India)", 2
1575, "National_Highway_330_(India)", 2
1575, "National_Highway_330B_(India)", 1
1575, "National_Highway_727_(India)", 1
louvain_community, title, degree
1576, "DeLillos", 3
1576, "Lars_Lillo-Stenberg", 2
1576, "Hjernen_er_alene", 1
1576, "Andrine_Sæther", 1
1576, "Suser_avgårde", 1
louvain_community, title, degree
1577, "Viscount_Boyne", 5
1577, "Burwarton", 2
1577, "Gustavus_Hamilton-Russell,_10th_Viscount_Boyne", 1
1577, "Gustavus_Hamilton,_1st_Viscount_Boyne", 1
1577, "Richard_Hamilton,_4th_Viscount_Boyne", 1
louvain_community, title, degree
1578, "Grand_Arcade_(Cambridge)", 6
1578, "Grafton_Centre", 4
1578, "Lion_Yard", 4
1578, "Robert_Sayle", 2
louvain_community, title, degree
1579, "Michael_Coleman", 3
1579, "Michael_Coleman_(author)", 1
1579, "Michael_Coleman_(blues_musician)", 1
1579, "Michael_Coleman_(Irish_fiddler)", 1
louvain_community, title, degree
1580, "NA-25_(Nowshera-I)", 3
1580, "NA-24_(Charsadda-II)", 3
1580, "NA-26_(Nowshera-II)", 2
1580, "NA-23_(Charsadda-I)", 2
louvain_community, title, degree
1581, "17th_PP_National_Congress", 4
1581, "16th_PP_National_Congress", 3
1581, "18th_PP_National_Congress", 2
1581, "15th_PP_National_Congress", 1
louvain_community, title, degree
1582, "Anim_languages", 3
1582, "Tirio_languages", 1
1582, "Marind–Yaqai_languages", 1
1582, "Boazi_languages", 1
louvain_community, title, degree
1583, "Life_Without_Buildings", 5
1583, "Sue_Tompkins", 4
1583, "Any_Other_City", 4
1583, "Chris_Evans_(artist)", 2
1583, "Hayley_Tompkins", 1
louvain_community, title, degree
1584, "David_Bruce_(composer)", 2
1584, "Nothing_(opera)", 2
1584, "The_Firework-Maker's_Daughter_(opera)", 1
1584, "Janne_Teller", 1
louvain_community, title, degree
1585, "Shogran", 5
1585, "Payee_Lake", 4
1585, "Siri_Lake", 4
1585, "Musa_ka_Musala", 1
louvain_community, title, degree
1586, "Pisagua_internment_camp", 3
1586, "Pisagua_case", 2
1586, "Pisagua,_Chile", 1
louvain_community, title, degree
1587, "Haaren,_North_Brabant", 2
1587, "Esch,_Netherlands", 2
1587, "Haaren", 2
1587, "Esch", 2
1587, "Haaren_(river)", 1
louvain_community, title, degree
1588, "Church_of_Central_Africa_Presbyterian", 3
1588, "Church_of_Central_Africa_Presbyterian_–_Synod_of_Livingstonia", 1
1588, "Church_of_Central_Africa_Presbyterian_–_Blantyre_Synod", 1
1588, "Church_of_Central_Africa_Presbyterian_–_Nkhoma_Synod", 1
louvain_community, title, degree
1589, "Vanishing_Point_(band)", 3
1589, "Tangled_in_Dream", 1
1589, "In_Thought", 1
1589, "The_Fourth_Season", 1
louvain_community, title, degree
1590, "Jutta_Speidel", 4
1590, "Fleisch_(film)", 1
1590, "We'll_Take_Care_of_the_Teachers", 1
1590, "Um_Himmels_Willen", 1
1590, "Twenty_Girls_and_the_Teachers", 1
louvain_community, title, degree
1591, "Gulam_Mohammed_Sheikh", 3
1591, "University_of_Baroda_Faculty_of_Fine_Arts", 2
1591, "Jyoti_Bhatt", 1
1591, "Nilima_Sheikh", 1
1591, "Bhupen_Khakhar", 1
louvain_community, title, degree
1592, "Baron_Lilford", 3
1592, "George_Vernon_Powys,_7th_Baron_Lilford", 2
1592, "Bank_Hall_Estate", 1
1592, "John_Powys,_5th_Baron_Lilford", 1
1592, "Heskin_Hall", 1
louvain_community, title, degree
1593, "The_Here_After", 4
1593, "Ulrik_Munther", 4
1593, "Allt_jag_ville_säga", 1
1593, "Magnus_von_Horn", 1
1593, "Ellen_Mattsson", 1
louvain_community, title, degree
1594, "Battle_of_Lier", 4
1594, "Battle_of_Matrand", 3
1594, "Battle_of_Langnes", 2
1594, "Andreas_Samuel_Krebs", 2
1594, "Battle_of_Fredrikstad", 2
louvain_community, title, degree
1595, "Treasure_Hunters_(book_series)", 5
1595, "Treasure_Hunters_(novel)", 2
1595, "Treasure_Hunters:_Secret_of_the_Forbidden_City", 2
1595, "Treasure_Hunters:_Peril_at_the_Top_of_the_World", 2
1595, "Treasure_Hunters:_Danger_Down_the_Nile", 1
louvain_community, title, degree
1596, "Shartlesville,_Pennsylvania", 3
1596, "Roadside_America", 2
1596, "Upper_Bern_Township,_Berks_County,_Pennsylvania", 1
louvain_community, title, degree
1597, "Domestic_Noir", 2
1597, "A._S._A._Harrison", 2
1597, "Elizabeth_Haynes_(crime_writer)", 2
1597, "John_Massey_(artist)", 1
1597, "Elizabeth_Haynes", 1
louvain_community, title, degree
1598, "Malinovka_River", 2
1598, "Malinovka", 2
1598, "Malinovka_River_(Perm_Krai)", 1
1598, "Maļinova", 1
louvain_community, title, degree
1599, "Bruce_Bannister", 4
1599, "Sportsshoes.com", 2
1599, "Alan_Warboys", 2
louvain_community, title, degree
1600, "World_Conference_on_Women,_1975", 6
1600, "World_Conference_on_Women,_1995", 6
1600, "World_Conference_on_Women", 4
1600, "World_Conference_on_Women,_1985", 3
1600, "Beijing_Declaration", 2
louvain_community, title, degree
1601, "List_of_listed_buildings_in_Glasgow", 7
1601, "List_of_listed_buildings_in_Glasgow/8", 1
1601, "List_of_listed_buildings_in_Glasgow/13", 1
1601, "List_of_listed_buildings_in_Glasgow/3", 1
1601, "List_of_listed_buildings_in_Glasgow/7", 1
louvain_community, title, degree
1602, "Aq_Kubek_of_Astrakhan", 5
1602, "Dervish_Ali_Astrakhani", 4
1602, "Yamghurchi_of_Astrakhan", 4
1602, "Qasim_II_of_Astrakhan", 3
1602, "List_of_Astrakhan_khans", 2
louvain_community, title, degree
1603, "Eroica_Trio", 3
1603, "Adela_Peña", 1
1603, "Erika_Nickrenz", 1
1603, "Sara_Sant'Ambrogio", 1
louvain_community, title, degree
1604, "Baron_Carew", 4
1604, "William_Conolly-Carew,_6th_Baron_Carew", 3
1604, "Gerald_Carew,_5th_Baron_Carew", 2
1604, "George_Carew,_4th_Baron_Carew", 2
1604, "Robert_Carew,_1st_Baron_Carew", 1
louvain_community, title, degree
1605, "Foreign_relations_of_Djibouti", 4
1605, "Djibouti–France_relations", 1
1605, "Djibouti–United_States_relations", 1
1605, "List_of_diplomatic_missions_in_Djibouti", 1
1605, "China–Djibouti_relations", 1
louvain_community, title, degree
1606, "Oedipus_Orca", 4
1606, "Rena_Niehaus", 4
1606, "La_Orca", 4
louvain_community, title, degree
1607, "The_Indian_Antiquary", 3
1607, "William_Crooke", 2
1607, "Richard_Carnac_Temple", 2
1607, "Sir_Richard_Temple,_1st_Baronet", 1
1607, "William_Crooke_bibliography", 1
louvain_community, title, degree
1608, "Barnes_(name)", 3
1608, "Alan_Barnes", 2
1608, "Barnes", 1
1608, "Edward_Barnes", 1
1608, "Alan_Barnes_(musician)", 1
louvain_community, title, degree
1609, "Kult_(band)", 9
1609, "Kazik_Staszewski", 6
1609, "Posłuchaj_to_do_Ciebie", 1
1609, "Tata_Kazika", 1
1609, "Poligono_Industrial", 1
louvain_community, title, degree
1610, "Paul_Abraham", 4
1610, "Viktoria_und_ihr_Husar", 2
1610, "The_Flower_of_Hawaii", 1
1610, "Ball_im_Savoy", 1
louvain_community, title, degree
1611, "Bill_Fay", 7
1611, "Time_of_the_Last_Persecution", 5
1611, "Bill_Fay_(album)", 4
1611, "Life_Is_People", 3
1611, "Who_Is_the_Sender?", 2
louvain_community, title, degree
1612, "List_of_horticultural_magazines", 3
1612, "The_Plantsman_(magazine)", 1
1612, "Garden_Culture", 1
1612, "Horticulture_Week", 1
louvain_community, title, degree
1613, "List_of_French_films_of_1940", 4
1613, "Love_Cavalcade", 1
1613, "The_Man_from_Niger", 1
1613, "The_Man_Who_Seeks_the_Truth", 1
1613, "Beating_Heart_(film)", 1
louvain_community, title, degree
1614, "Lushlife", 2
1614, "Sourcebooks", 2
1614, "Plateau_Vision", 1
1614, "Dominique_Raccah", 1
louvain_community, title, degree
1615, "Alexis_Caswell_Angell", 3
1615, "Arthur_J._Tuttle", 2
1615, "Arthur_A._Koscinski", 1
1615, "Henry_Harrison_Swan", 1
1615, "Angell", 1
louvain_community, title, degree
1616, "List_of_Syrian_films", 6
1616, "Little_Gandhi", 4
1616, "The_Return_to_Homs", 3
1616, "Ghiath_Matar", 2
1616, "Talal_Derki", 2
louvain_community, title, degree
1617, "Susannah_McCorkle", 3
1617, "Hearts_and_Minds_(album)", 1
1617, "Ballad_Essentials", 1
1617, "From_Bessie_to_Brazil", 1
louvain_community, title, degree
1618, "Sir_Edward_Kerrison,_1st_Baronet", 2
1618, "William_Bateman-Hanbury,_2nd_Baron_Bateman", 2
1618, "William_Bateman-Hanbury,_1st_Baron_Bateman", 1
1618, "Kerrison", 1
louvain_community, title, degree
1619, "Roumieh_Prison", 3
1619, "12_Angry_Lebanese:_The_Documentary", 2
1619, "Yarze_Prison", 1
1619, "Zeina_Daccache", 1
1619, "Qubbah_prison", 1
louvain_community, title, degree
1620, "CDA_Navalcarnero", 4
1620, "Navalcarnero", 1
1620, "Juan_Esnáider_Ruiz", 1
1620, "José_Antonio_Serrano_Ramos", 1
1620, "Héctor_Pizana", 1
louvain_community, title, degree
1621, "List_of_newspapers_in_Belarus", 3
1621, "Sovetskaya_Belorussiya_–_Belarus'_Segodnya", 1
1621, "Zvyazda", 1
1621, "Novy_Chas", 1
louvain_community, title, degree
1622, "2017_Cumbria_County_Council_election", 3
1622, "2013_Cumbria_County_Council_election", 2
1622, "Cumbria_County_Council_elections", 1
louvain_community, title, degree
1623, "Bhabua_(Vidhan_Sabha_constituency)", 4
1623, "Mohania_(Vidhan_Sabha_constituency)", 3
1623, "Chainpur_(Vidhan_Sabha_constituency)", 3
louvain_community, title, degree
1624, "Ministry_of_Electricity_and_Energy_(Myanmar)", 3
1624, "Ministry_of_Electric_Power", 2
1624, "Ministry_of_Energy_(Myanmar)", 1
louvain_community, title, degree
1625, "John_Rolleston-Dalzell,_14th_Earl_of_Carnwath", 3
1625, "Earl_of_Carnwath", 3
1625, "William_Martin-Dalzell,_15th_Earl_of_Carnwath", 3
1625, "Arthur_Dalzell,_13th_Earl_of_Carnwath", 2
1625, "Robert_Dalzell,_5th_Earl_of_Carnwath", 1
louvain_community, title, degree
1626, "Arturo_Vallarino", 2
1626, "Tomas_Altamirano_Duque", 2
1626, "Samuel_Lewis_Navarro", 1
1626, "Tomás_Altamirano_Mantovani", 1
louvain_community, title, degree
1627, "1979_Bolivian_general_election", 2
1627, "1978_Bolivian_general_election", 2
1627, "1980_Bolivian_general_election", 1
1627, "Nationalist_Union_of_the_People", 1
louvain_community, title, degree
1628, "Bruce_Menin", 6
1628, "Crescent_Heights_(company)", 6
1628, "Sonny_Kahn", 6
1628, "Russell_W._Galbut", 5
1628, "Julie_Menin", 3
louvain_community, title, degree
1629, "Todor_Panitsa", 3
1629, "Boris_Sarafov", 3
1629, "Mencha_Karnicheva", 2
1629, "Ivan_Garvanov", 1
1629, "Ilinden,_Blagoevgrad_Province", 1
louvain_community, title, degree
1630, "Lyall_(name)", 5
1630, "Lyall_(surname)", 3
1630, "Lyall", 3
1630, "Lyall_Brooks", 1
louvain_community, title, degree
1631, "Scholastique_Mukasonga", 4
1631, "Our_Lady_of_the_Nile", 3
1631, "Rwandan_literature", 2
1631, "Cockroaches_(book)", 1
louvain_community, title, degree
1632, "The_Great_Pacific_War", 3
1632, "Hector_Charles_Bywater", 2
1632, "East_Wind:_War_in_the_Pacific", 1
louvain_community, title, degree
1633, "Clear_Sky_Radio", 4
1633, "CJOC-FM", 2
1633, "CFSM-FM", 1
1633, "CKBD-FM", 1
louvain_community, title, degree
1634, "Foreign_Languages_Publishing_House_(Soviet_Union)", 3
1634, "Foreign_Languages_Press", 2
1634, "Mir_Publishers", 1
louvain_community, title, degree
1635, "Blomquist", 2
1635, "Blomqvist", 2
1635, "Edwin_W._Blomquist", 1
1635, "Andreas_Blomqvist_(footballer)", 1
louvain_community, title, degree
1636, "Nobuhiro_Kiyotaki", 3
1636, "John_Moore_(economist)", 2
1636, "Kiyotaki–Moore_model", 2
1636, "Luis_Carranza", 1
louvain_community, title, degree
1637, "Daniel_Weber", 3
1637, "Daniel_Weber_(footballer)", 1
1637, "Daniel_E._Weber", 1
1637, "Daniel_K._Weber", 1
louvain_community, title, degree
1638, "Sharon_Shinn", 6
1638, "Archangel_(Shinn_novel)", 2
1638, "Jovah's_Angel", 2
1638, "The_Twelve_Houses_series", 1
1638, "The_Alleluia_Files", 1
louvain_community, title, degree
1639, "Presidential_representative_of_Ukraine_in_Crimea", 4
1639, "Borys_Babin", 2
1639, "Representatives_of_the_President_of_Ukraine", 1
1639, "Natalia_Popovych", 1
louvain_community, title, degree
1640, "Viscount_Hawarden", 6
1640, "Cornwallis_Maude,_1st_Earl_de_Montalt", 3
1640, "Cornwallis_Maude,_1st_Viscount_Hawarden", 2
1640, "Cornwallis_Maude,_3rd_Viscount_Hawarden", 2
1640, "Eustace_Maude,_7th_Viscount_Hawarden", 1
louvain_community, title, degree
1641, "Blenkinsopp_Castle", 4
1641, "Blenkinsop_Hall", 1
1641, "Greenhead,_Northumberland", 1
1641, "Blenkinsop", 1
1641, "Bellister_Castle", 1
louvain_community, title, degree
1642, "Sanabria", 2
1642, "Benavente,_Zamora", 2
1642, "Puebla_de_Sanabria", 2
1642, "Sanabria_(comarca)", 1
1642, "Benavente", 1
louvain_community, title, degree
1643, "De_Press", 3
1643, "Andrzej_Dziubek", 1
1643, "Product_(De_Press_album)", 1
1643, "Block_to_Block", 1
louvain_community, title, degree
1644, "Flamingosi", 2
1644, "Ognjen_Amidžić", 2
1644, "Marinko_Madžgalj", 1
1644, "Danijela_Dimitrovska", 1
louvain_community, title, degree
1645, "New_Israel", 2
1645, "San_Javier,_Uruguay", 2
1645, "Russian_Uruguayans", 2
louvain_community, title, degree
1646, "List_of_Brentford_F.C._seasons", 9
1646, "1946–47_Brentford_F.C._season", 1
1646, "1999–2000_Brentford_F.C._season", 1
1646, "2014–15_Brentford_F.C._season", 1
1646, "1996–97_Brentford_F.C._season", 1
louvain_community, title, degree
1647, "Okehampton–Bude_line", 2
1647, "Bude_railway_station", 2
1647, "Whitstone_and_Bridgerule_railway_station", 1
1647, "Halwill_Junction_railway_station", 1
louvain_community, title, degree
1648, "Least_I_Could_Do", 4
1648, "Looking_for_Group", 4
1648, "Ryan_Sohmer", 4
louvain_community, title, degree
1649, "Kildonan", 4
1649, "Strath_of_Kildonan", 2
1649, "Kildonan_Gold_Rush", 1
1649, "Kildonan,_Arran", 1
1649, "Old_Kildonan", 1
louvain_community, title, degree
1650, "Sahar_Hashemi", 4
1650, "Coffee_Republic", 3
1650, "Bobby_Hashemi", 2
1650, "Skinny_Candy", 1
louvain_community, title, degree
1651, "Dorothy_Kunhardt", 5
1651, "Peter_Kunhardt", 2
1651, "Pat_the_Bunny", 2
1651, "Peter_W._Kunhardt_Jr.", 1
louvain_community, title, degree
1652, "List_of_extreme_points_of_Hungary", 3
1652, "Felsőszölnök", 1
1652, "Kásád", 1
1652, "Hidvégardó", 1
louvain_community, title, degree
1653, "Charles_Eugene,_2nd_Duke_of_Arenberg", 3
1653, "Philippe_Charles_d'Arenberg", 1
1653, "Count_of_Champlitte", 1
1653, "Philippe_François,_1st_Duke_of_Arenberg", 1
louvain_community, title, degree
1654, "Rossmore_Castle", 3
1654, "Baron_Rossmore", 3
1654, "Rossmore_Forest_Park", 1
1654, "Derrick_Westenra,_5th_Baron_Rossmore", 1
louvain_community, title, degree
1655, "1931_Ekstraklasa", 2
1655, "1927_Ekstraklasa", 2
1655, "1930_Ekstraklasa", 2
1655, "1929_Ekstraklasa", 2
1655, "1928_Ekstraklasa", 2
louvain_community, title, degree
1656, "NA-224_(Tando_Allahyar)", 2
1656, "NA-225_(Hyderabad-I)", 2
1656, "NA-226_(Hyderabad-II)", 2
1656, "NA-223_(Matiari)", 1
1656, "NA-227_(Hyderabad-III)", 1
louvain_community, title, degree
1657, "Barrabás", 2
1657, "Heart_of_the_City_(album)", 2
1657, "Watch_Out_(Barrabás_album)", 1
1657, "Wild_Safari", 1
louvain_community, title, degree
1658, "Latitude_and_longitude_of_cities,_I-P", 4
1658, "Latitude_and_longitude_of_cities,_Q-Z", 4
1658, "Latitude_and_longitude_of_cities,_A-H", 4
louvain_community, title, degree
1659, "Candorville", 3
1659, "Rudy_Park", 2
1659, "Darrin_Bell", 2
1659, "Matt_Richtel", 1
louvain_community, title, degree
1660, "Roman_Catholic_Archdiocese_of_Windhoek", 2
1660, "List_of_Catholic_dioceses_in_Namibia", 2
1660, "Catholic_Church_in_Namibia", 1
1660, "Liborius_Ndumbukuti_Nashenda", 1
louvain_community, title, degree
1661, "DJ_Brian", 4
1661, "Munghana_Lonene_FM", 3
1661, "Thomas_Chauke", 2
1661, "Tebogo_Jacko_Magubane", 1
louvain_community, title, degree
1662, "Kalani_(name)", 3
1662, "Kalani", 2
1662, "Mohammad_Jafar_Kalani", 1
louvain_community, title, degree
1663, "Pasapalabra", 4
1663, "The_Alphabet_Game", 4
1663, "Alphabetical_(game_show)", 3
1663, "Silvia_Jato", 1
1663, "Jaime_Cantizano", 1
louvain_community, title, degree
1664, "Shahlyla_Ahmadzai", 3
1664, "Rubina_Irfan", 2
1664, "Raheela_Zarmeen", 2
1664, "Balochistan_United_W.F.C.", 1
louvain_community, title, degree
1665, "Silvermine_Mountains", 3
1665, "Silvermines", 2
1665, "Slieve_Felim_Mountains", 1
louvain_community, title, degree
1666, "299th_Infantry_Division_(Wehrmacht)", 3
1666, "Willi_Moser", 1
1666, "Ralph_Graf_von_Oriola", 1
1666, "Hans_Bergen", 1
louvain_community, title, degree
1667, "McConnel_(surname)", 2
1667, "McConnell_(surname)", 2
1667, "McConnell", 1
1667, "McConnel", 1
louvain_community, title, degree
1668, "Srikakulam_peasant_uprising", 2
1668, "Vempatapu_Satyanarayana", 2
1668, "Adibhatla_Kailasam", 2
louvain_community, title, degree
1669, "Rushbrooke_with_Rougham", 2
1669, "Rougham", 2
1669, "Rougham,_Norfolk", 1
1669, "Rushbrooke_Hall", 1
louvain_community, title, degree
1670, "FK_Sloga_Kraljevo", 5
1670, "Kraljevo_City_Stadium", 1
1670, "Zlatoje_Pavlović", 1
1670, "Dejan_Parezanović", 1
1670, "Dušan_Đorđević_(footballer)", 1
louvain_community, title, degree
1671, "Mba_languages", 4
1671, "Dongo_language", 1
1671, "Mba_language", 1
1671, "Ma_language", 1
1671, "Ndunga_language", 1
louvain_community, title, degree
1672, "The_World_Is_Big_and_Salvation_Lurks_Around_the_Corner", 3
1672, "Ilija_Trojanow", 2
1672, "Carlo_Ljubek", 1
louvain_community, title, degree
1673, "Romanian_Academy", 4
1673, "List_of_members_of_the_Romanian_Academy", 1
1673, "Ionel_Haiduc", 1
1673, "Dumitru_Solomon", 1
1673, "Victor_Spinei", 1
louvain_community, title, degree
1674, "C.D._El_Vencedor", 3
1674, "Giovanni_Trigueros", 1
1674, "Manuel_Carranza_Murillo", 1
1674, "Josué_Galdámez", 1
louvain_community, title, degree
1675, "Foreign_relations_of_Burkina_Faso", 4
1675, "Burkina_Faso–China_relations", 1
1675, "Burkina_Faso–United_States_relations", 1
1675, "Burkina_Faso–North_Korea_relations", 1
1675, "Burkina_Faso–Soviet_Union_relations", 1
louvain_community, title, degree
1676, "Thriving_Ivory", 5
1676, "Angels_on_the_Moon", 4
1676, "Thriving_Ivory_(album)", 4
1676, "Through_Yourself_&_Back_Again", 1
louvain_community, title, degree
1677, "Media_archaeology", 6
1677, "Erkki_Huhtamo", 2
1677, "Jussi_Parikka", 2
1677, "Thomas_Elsaesser", 1
1677, "Dead_Media_Project", 1
louvain_community, title, degree
1678, "2016_Egyptian_Super_Cup", 3
1678, "2017_Egyptian_Super_Cup", 2
1678, "2015_Egyptian_Super_Cup", 1
louvain_community, title, degree
1679, "Betty_Amann", 3
1679, "Asphalt_(1929_film)", 2
1679, "Tugboat_M_17", 1
louvain_community, title, degree
1680, "Stephen_Hunt_(author)", 3
1680, "The_Court_of_the_Air", 2
1680, "Stephen_Hunt", 2
1680, "Stephen_Hunt_(footballer,_born_1984)", 1
louvain_community, title, degree
1681, "Bunkface", 5
1681, "Bunk_Not_Dead", 1
1681, "Malam_Ini_Kita_Punya", 1
1681, "Lesson_of_the_Season", 1
1681, "One_Buck_Short", 1
louvain_community, title, degree
1682, "Hockley", 3
1682, "Spa_Pump_Room,_Hockley", 1
1682, "Hockley_(disambiguation)", 1
1682, "Hawkwell", 1
louvain_community, title, degree
1683, "Awful_End", 4
1683, "Eddie_Dickens", 3
1683, "Philip_Ardagh", 3
louvain_community, title, degree
1684, "Milberg", 5
1684, "William_Lerach", 5
1684, "Melvyn_Weiss", 4
1684, "Robbins_Geller_Rudman_&_Dowd_LLP", 1
1684, "Larry_Milberg", 1
louvain_community, title, degree
1685, "Sergei_Semyonov", 2
1685, "Sergey_Semyonov_(writer)", 2
1685, "Markovo_Republic", 1
1685, "Serhiy_Semenov", 1
louvain_community, title, degree
1686, "The_Ghost_(American_band)", 3
1686, "This_Pen_Is_a_Weapon", 1
1686, "Hanalei_(band)", 1
1686, "This_Is_a_Hospital", 1
louvain_community, title, degree
1687, "Winnie_the_Witch", 4
1687, "Winnie_and_Wilbur_(TV_series)", 2
1687, "Korky_Paul", 2
louvain_community, title, degree
1688, "List_of_Catholic_dioceses_in_Kenya", 5
1688, "Roman_Catholic_Archdiocese_of_Kisumu", 2
1688, "Roman_Catholic_Archdiocese_of_Nyeri", 1
1688, "Roman_Catholic_Diocese_of_Nakuru", 1
1688, "Roman_Catholic_Diocese_of_Meru", 1
louvain_community, title, degree
1689, "Turkey_national_football_team_results", 3
1689, "Turkey_national_football_team_2000–09_results", 1
1689, "Turkey_national_football_team_1923–60_results", 1
1689, "Turkey_national_football_team_1961–80_results", 1
louvain_community, title, degree
1690, "Robert_Phelips", 2
1690, "Edward_Phelips_(Royalist)", 2
1690, "Edward_Phelips_(speaker)", 1
1690, "Edward_Phelips_Jr.", 1
louvain_community, title, degree
1691, "Tone_Vale_Hospital", 3
1691, "Cotford_St_Luke", 2
1691, "Mendip_Hospital", 1
louvain_community, title, degree
1692, "Jayal", 3
1692, "List_of_villages_in_Jayal_Tehsil", 2
1692, "Manju_Meghwal", 1
louvain_community, title, degree
1693, "2005_CECAFA_Cup", 2
1693, "2003_CECAFA_Cup", 2
1693, "2004_CECAFA_Cup", 2
1693, "2006_CECAFA_Cup", 1
1693, "2002_CECAFA_Cup", 1
louvain_community, title, degree
1694, "The_Monroes_(Norwegian_band)", 5
1694, "Lage_Fosheim", 4
1694, "The_Monroes_(American_band)", 2
1694, "Minken_Fosheim", 2
1694, "The_Monroes", 2
louvain_community, title, degree
1695, "Surender_Mohan_Pathak", 3
1695, "Mawali_(novel)", 1
1695, "The_65_Lakh_Heist", 1
1695, "Daylight_Robbery_(novel)", 1
louvain_community, title, degree
1696, "Douglas_Goodfellow", 3
1696, "William_Goodfellow_(philanthropist)", 2
1696, "Peter_Goodfellow_(politician)", 1
louvain_community, title, degree
1697, "Young_Galaxy", 5
1697, "Young_Galaxy_(album)", 2
1697, "Shapeshifting_(Young_Galaxy_album)", 2
1697, "Invisible_Republic_(album)", 2
1697, "Ultramarine_(album)", 1
