louvain_community,link_edges_count,link_traffic
0,96663,3624481
1,1233065,75310865
2,1055132,71288863
3,2740230,279916754
4,2182385,423779216
5,1141537,132364916
6,234664,14668331
7,1472052,100658886
8,434127,29846311
9,253353,29577159
10,839295,54133551
11,608896,50132716
12,124476,6734912
13,391836,38733554
14,71561,4357277
15,219508,32333486
16,47488,3037473
17,286932,30883924
18,5,105
19,60642,3799134
20,34907,2413371
21,134434,7039880
22,246207,17932443
23,12,272
25,63994,3877824
26,6,95
27,5928,352176
29,12,1058
30,93,3413
31,6151,177565
32,16,416
33,27042,1356712
24,42713,5557581
34,8020,380214
35,4,54
36,7,108
37,13,243
38,146,5423
39,14979,1329271
40,20,407
41,9,317
43,203,3876
44,19914,2042532
45,49,1446
46,16141,1840850
47,4514,283580
48,6,88
49,5,113
50,4,62
51,18,462
52,4,60
53,99,2884
54,2782,279610
55,60,1229
56,75,3482
57,29,946
58,21,3105
59,160,7448
60,8,99
61,308,12882
62,8,133
63,474,41906
64,32,475
65,2,23
66,117,2968
67,21,1521
68,21,390
69,32,928
70,7,155
71,125,12479
72,47,956
73,21,635
74,643,29267
76,260,6668
77,52,785
78,22,475
79,4,60
80,50,1254
42,2439,114768
81,48,2143
82,95,3696
83,149,3312
84,326,9654
85,12,198
86,4,57
87,23,688
88,25,1407
89,62,2285
90,8,112
91,20,523
92,20,935
93,108,5991
94,65,2308
95,8,136
96,11,206
97,8,142
99,5,122
100,53,3396
101,6,115
102,12,177
103,122,6652
104,80,1859
105,4,542
106,22,346
107,56,1529
108,878,44173
109,42,944
110,9,395
111,7,156
112,81,3889
113,152,8500
114,42,1386
115,4,47
116,79,2794
117,17,428
118,20,451
119,29,985
120,5,139
121,103,5722
122,69,5023
123,485,13581
124,120,4747
125,15,451
126,6,87
127,25,636
128,623,44424
129,49,1212
130,350,10692
131,5,201
132,29,1122
133,60,3298
134,47,989
135,3,38
136,155,3068
137,45,1136
138,21,365
139,22,696
140,26,648
141,14,267
142,24,375
143,23,612
145,3,37
146,6,98
147,9,190
148,31,1301
149,22,416
150,103,2455
153,16,320
154,8,116
155,15,219
156,407,18204
157,31,750
159,4,62
160,284,12970
161,14,195
162,29,909
163,25,427
164,25,649
165,9,216
166,55,1318
168,21,452
169,52,1303
170,13,168
171,68,1447
172,4,58
173,314,7797
174,43,647
175,19,378
176,9,150
177,7,225
178,5,224
179,3,30
180,11,288
181,26,839
182,96,3969
183,46,2742
184,16,523
186,6,296
187,4,56
188,133,2633
189,29,827
190,8,118
191,9,138
192,3,36
193,16,340
194,24,931
195,91,4232
196,122,1678
197,42,727
198,17,584
199,9,164
201,5,85
203,30,1492
205,322,20952
206,51,2173
207,26,2609
208,28,392
204,91,1559
209,5,106
210,40,592
212,10,183
213,28,1585
214,29,534
215,7,106
216,10,320
217,19,435
218,20,312
219,35,1079
220,6,95
221,7,88
222,8,138
223,28,799
224,30,438
225,117,3127
226,6,88
227,14,393
228,56,3745
229,19,400
230,23,426
231,20,384
232,19,294
233,181,9943
234,15,248
235,20,516
236,45,2903
185,26,964
237,50,1111
238,53,819
239,14,298
240,68,1793
241,26,1499
242,18,342
243,31,1037
244,160,17653
245,10,360
246,7,84
247,21,321
211,13,258
248,147,5114
249,4,44
250,22,356
251,59,2360
252,17,347
253,7,147
254,45,801
255,31,562
257,26,448
258,56,929
259,88,2584
260,9,156
261,14,258
262,8,132
264,24,435
265,13,241
266,85,2248
267,27,862
269,16,327
270,24,404
271,3,55
272,23,567
273,5,81
275,93,2266
276,6,128
277,14,247
278,15,401
279,20,308
280,3,44
281,6,67
282,39,703
284,35,670
285,55,1419
286,20,487
287,28,539
288,6,111
289,20,304
290,14,401
291,57,1530
292,18,267
293,45,1901
294,5,165
295,7,142
296,53,1142
297,124,4139
298,179,7214
300,71,1400
301,14,329
302,6,74
303,35,1529
304,8,165
305,47,2352
306,88,5582
308,36,724
309,12,156
310,5,108
311,23,862
312,39,714
313,21,447
314,14,236
315,97,3604
316,58,1054
318,18,309
319,39,629
320,30,1163
321,4,65
322,8,146
323,35,831
324,4,68
325,78,1623
326,61,4044
327,67,3348
328,15,409
329,19,362
330,8,301
331,30,404
332,27,356
333,20,716
334,15,207
335,6,96
336,4,46
337,13,485
338,38,450
339,94,7865
341,24,927
342,103,4231
343,4,52
344,35,1340
345,10,242
346,32,581
347,5,79
348,34,736
350,25,1528
351,38,669
352,18,414
353,8,255
355,14,666
356,14,776
357,6,94
358,45,6921
359,27,752
360,16,376
361,44,997
362,4,79
363,12,151
364,8,334
366,15,333
367,6,91
368,3,46
370,29,1349
371,26,649
372,14,493
373,18,672
374,123,7141
375,23,959
376,23,395
377,29,493
378,41,830
379,26,574
380,43,813
382,13,197
151,5,55
383,5,62
384,12,665
385,40,627
256,133,2228
158,3,74
388,40,1183
389,47,1469
390,21,914
391,11,291
392,8,248
393,4,41
395,6,75
396,62,2072
397,5,79
398,63,1600
399,30,1396
400,47,1634
401,11,193
402,11,203
403,3,36
317,4,88
404,18,247
405,55,1096
406,5,179
407,22,731
408,3,65
409,9,124
410,6,90
412,12,252
414,16,735
415,26,468
416,24,881
417,36,1448
418,49,1398
420,5,121
421,5,126
422,20,834
423,10,379
425,11,255
426,11,352
427,13,337
428,4,85
430,18,887
431,30,1110
432,9,176
433,62,923
434,5,99
349,9,324
435,118,9955
436,5,60
437,6,107
438,31,580
439,21,748
440,8,163
441,56,1389
442,39,959
443,5,66
445,110,2173
446,7,78
449,17,435
450,10,140
451,27,993
452,41,1161
453,6,79
454,15,179
455,11,184
456,10,122
457,10,213
458,50,859
274,61,1641
459,7,116
460,18,329
461,8,142
462,4,65
463,37,1244
464,4,72
465,8,325
466,31,862
467,8,247
468,14,258
470,12,330
471,16,181
472,3,35
473,17,931
474,5,70
475,11,207
476,13,342
477,61,2121
478,35,886
479,49,1105
480,24,546
481,9,310
482,9,353
483,5,87
485,14,287
486,16,621
488,6,228
489,12,184
490,10,193
491,37,1126
492,23,689
493,4,112
494,61,3349
495,9,293
496,16,378
497,9,238
499,13,163
500,27,1073
501,13,168
502,16,266
503,30,1048
504,8,161
505,12,258
506,6,189
507,7,182
508,4,66
509,10,154
510,8,159
511,12,441
512,14,292
513,4,83
514,3,38
515,19,499
516,11,144
517,4,61
519,11,557
521,19,604
522,34,547
523,89,2345
524,7,172
525,28,824
526,42,1539
527,22,275
528,9,316
529,31,1092
530,11,1156
531,6,131
532,19,288
533,23,947
534,25,1576
535,24,271
536,20,261
537,85,2304
538,23,711
539,7,149
540,25,599
541,10,260
542,13,367
543,10,440
544,26,559
545,7,283
546,3,33
547,29,512
548,5,59
549,16,601
552,9,157
553,10,311
554,59,2092
555,28,768
556,11,285
557,9,157
558,9,192
560,10,164
561,3,70
562,9,392
563,10,185
565,5,67
566,49,1659
567,24,762
570,6,122
572,34,1476
575,9,122
576,6,86
577,17,276
578,70,1798
579,17,343
580,14,391
581,6,95
582,3,121
583,17,353
584,4,50
585,14,376
587,8,119
588,48,2687
589,16,213
590,4,62
591,8,105
592,5,63
593,9,105
365,13,246
551,23,586
595,40,703
597,8,123
598,43,3110
602,25,633
603,49,1159
604,3,70
605,3,60
606,3,60
607,10,195
608,21,248
610,36,1020
611,4,90
612,6,150
613,19,633
614,11,314
616,3,32
617,4,54
586,18,350
619,33,596
620,10,124
621,12,242
622,5,62
623,15,309
624,77,3011
625,13,370
626,43,3057
627,3,38
629,11,179
630,16,216
631,34,780
632,26,1850
633,9,248
634,32,1385
635,21,671
636,9,159
637,12,156
638,97,3902
639,9,113
640,5,135
641,32,2205
642,61,1745
643,16,435
646,11,175
647,26,953
648,52,1633
649,3,38
650,31,998
651,17,299
652,4,82
654,12,227
655,3,108
657,15,278
658,8,118
659,12,353
660,15,251
661,8,114
662,11,145
663,44,1845
664,3,51
665,38,1596
667,4,56
668,51,1766
669,10,236
670,6,124
672,4,104
673,8,188
674,5,148
675,28,1270
676,32,1492
677,31,2026
678,6,84
679,32,586
680,4,103
681,3,36
682,9,129
683,15,204
685,4,45
686,7,185
687,3,40
600,12,519
690,4,762
691,3,52
645,68,2617
692,4,60
693,10,156
448,3,34
694,48,1608
695,61,1565
696,4,46
697,19,862
698,21,742
699,11,120
700,4,80
701,3,34
702,41,963
703,7,378
704,10,758
705,45,938
706,26,398
707,8,315
708,36,491
709,5,70
710,4,61
711,5,98
712,10,137
713,26,1014
714,3,57
715,8,145
716,24,556
717,4,113
718,11,195
719,5,71
720,6,134
722,19,271
723,3,40
724,42,946
725,17,504
727,20,818
728,12,278
729,31,648
731,18,877
732,4,48
733,11,186
734,18,229
736,6,239
737,5,53
738,18,312
739,11,435
740,9,262
741,4,63
742,16,283
743,13,469
744,30,626
745,3,36
747,26,851
749,5,87
752,5,103
601,20,553
753,13,366
754,45,1560
755,17,606
756,11,257
757,43,1203
759,7,94
429,5,61
202,8,123
760,4,61
761,8,121
762,14,524
569,3,48
763,7,148
765,13,474
766,7,263
767,22,331
768,21,316
769,12,396
770,47,986
771,22,336
772,5,67
774,40,1436
775,3,52
776,12,148
777,13,364
778,34,604
779,5,61
781,9,135
782,8,277
783,8,133
784,26,756
785,13,329
786,25,351
787,14,250
788,9,193
790,27,943
447,5,221
791,7,98
792,8,143
793,8,246
794,3,35
795,26,819
796,8,112
797,37,838
798,14,500
799,8,125
800,24,1117
801,18,316
802,4,95
804,48,1617
805,6,81
806,3,44
808,26,855
809,11,198
810,15,525
811,3,36
812,3,54
813,8,207
815,7,153
816,10,172
817,3,44
818,3,152
819,18,482
820,3,47
821,10,118
822,20,543
823,3,33
824,7,99
825,21,487
827,3,46
828,7,92
564,22,812
830,43,1056
831,15,416
832,9,231
833,3,57
835,9,120
836,14,286
837,12,226
838,7,120
839,16,343
840,26,652
842,19,389
843,3,38
844,7,186
845,4,68
847,16,371
848,23,346
849,14,331
850,7,370
851,9,187
852,14,260
853,6,108
854,15,453
856,15,727
857,9,122
858,10,612
859,15,299
861,40,9981
863,4,83
864,3,56
865,3,38
866,5,84
867,7,184
868,8,320
869,16,452
573,6,75
871,12,995
75,8,210
872,10,147
873,13,262
874,37,1176
875,5,83
876,21,245
877,5,73
879,6,239
880,3,33
881,15,207
834,4,145
882,7,148
883,4,49
884,16,231
885,12,208
886,26,890
887,23,720
386,1,17
807,3,33
764,3,38
891,19,572
268,9,140
892,5,92
803,8,137
893,31,509
895,21,362
897,12,295
898,10,151
899,4,54
900,5,86
901,3,43
902,14,249
903,3,33
904,5,178
905,10,152
908,53,1538
909,16,348
910,6,79
911,4,174
913,4,45
915,21,508
916,6,238
917,7,100
918,7,251
919,6,85
920,47,1367
921,8,129
628,20,602
922,4,63
923,14,331
924,3,41
656,12,284
925,4,47
444,6,146
926,3,64
671,2,20
927,30,1031
283,14,278
928,4,49
929,3,32
930,9,824
931,6,76
933,3,64
934,22,514
935,6,197
936,4,99
937,8,142
938,6,97
939,3,31
940,38,2491
941,12,189
942,21,1083
943,3,68
944,4,77
945,11,966
780,6,68
946,38,1018
947,6,96
949,11,149
950,7,84
951,4,71
952,5,54
953,26,828
954,22,390
956,9,339
957,15,628
958,7,167
829,13,523
959,5,63
961,8,142
963,11,267
964,7,167
965,4,80
609,6,80
966,3,37
967,15,216
968,10,490
969,8,144
970,9,167
971,3,61
972,3,39
973,14,201
974,13,417
975,7,164
976,30,2465
977,23,770
979,6,93
980,8,221
981,30,813
982,4,72
983,7,85
984,6,130
985,49,1592
773,10,174
986,6,98
987,20,377
988,6,114
989,3,38
152,6,129
990,3,39
991,8,105
992,4,89
993,7,137
994,8,181
995,8,160
996,3,38
387,6,178
998,3,58
999,14,567
1000,3,45
1001,3,36
1002,15,982
1004,9,558
1005,28,849
1007,7,149
1008,5,53
1009,3,94
1010,7,111
1011,7,227
1012,19,322
1013,12,319
1014,16,304
1015,5,86
1017,97,6235
1019,3,130
1020,5,57
1021,5,66
1022,3,86
1023,10,140
997,21,1062
1024,4,48
1025,8,126
1026,3,38
1027,3,39
1028,22,334
1029,33,963
1030,9,255
1031,6,104
1032,52,2465
1033,48,1495
1034,7,92
1035,10,770
1036,7,105
1037,15,411
1038,3,42
1039,4,171
1040,5,66
841,1,24
1041,6,85
200,3,39
1043,6,262
1044,5,77
1045,8,362
1046,8,214
1047,9,146
1048,9,178
1049,2,42
1050,13,332
1051,8,117
1052,4,49
594,9,221
1053,12,332
1054,6,73
1055,4,73
1056,4,74
1058,8,190
1059,11,458
1061,19,531
1063,4,61
1065,3,102
826,9,105
1066,10,494
520,5,73
789,9,236
888,3,67
1067,8,137
1068,13,427
487,4,66
1069,8,111
1070,6,98
1072,10,249
1073,15,395
1074,14,819
1075,10,184
1076,4,98
1077,3,53
1078,16,495
1079,22,403
1080,5,126
1081,6,375
890,8,163
1082,23,486
1083,5,63
1084,50,1704
1085,4,89
1086,8,206
1087,16,579
1088,17,183
1089,10,254
1090,3,161
1092,11,209
1093,2,30
1094,21,883
1095,17,455
1096,6,142
1097,4,151
1099,3,45
568,5,55
1100,9,178
1102,21,1280
1103,4,69
1104,26,533
1105,5,98
1106,13,209
1107,4,131
1108,16,318
571,8,101
1110,10,299
1111,9,220
1112,3,39
1113,4,88
1114,17,308
1115,4,57
1116,5,124
1117,3,42
1118,13,203
1119,21,416
1120,26,1427
1121,11,204
1122,5,133
1123,4,161
1124,33,745
1125,9,153
1127,8,114
1128,4,58
1129,4,70
1130,7,135
1131,18,249
666,3,39
1132,15,293
1133,3,83
1134,3,77
1136,4,198
1138,3,67
1139,3,43
1140,3,100
748,14,391
1141,3,40
1142,11,127
1143,7,118
1144,43,745
1145,7,244
1146,8,697
1147,9,303
1148,3,37
1149,15,255
1150,11,459
1152,4,63
1153,23,556
1154,3,38
1155,23,742
1156,7,147
1157,4,137
1158,6,105
1159,44,1765
1160,43,1849
1161,6,310
1164,16,270
1137,18,538
1165,13,644
1166,11,164
1168,3,41
1169,5,59
1170,7,93
1171,18,737
1172,16,627
653,12,309
1174,4,109
167,9,120
1175,8,111
1176,5,88
1177,4,47
1178,4,102
1179,4,68
1181,29,939
1182,13,252
1183,3,46
1184,7,107
1185,10,248
411,5,164
1186,3,53
1187,10,186
1188,9,230
469,5,65
1189,3,36
1190,5,70
1191,37,1543
1193,13,256
1194,9,171
1195,9,100
1196,4,48
1197,10,377
906,23,492
1198,9,491
1199,3,64
726,6,75
1200,31,632
1201,9,250
550,6,155
1202,19,311
1203,6,101
814,16,1180
1205,7,193
1206,5,58
1207,3,50
1208,8,144
596,3,60
1209,6,104
1210,10,174
1211,5,101
914,36,1356
1212,3,36
1213,9,141
1214,16,328
1215,3,39
1216,13,393
1218,4,106
1219,26,395
1220,13,508
870,15,176
1221,4,78
1222,4,49
1223,5,99
1224,7,223
1225,18,484
1226,5,79
1227,10,388
1228,3,34
1229,3,71
1232,13,263
1234,8,284
1235,20,589
599,3,83
1236,5,106
1237,3,57
1238,12,196
1239,4,63
484,4,44
896,5,78
1240,5,85
1241,3,53
1242,7,139
1243,33,1211
1244,4,50
1246,22,723
1247,4,162
1248,9,116
1217,14,355
1230,4,66
962,4,79
1251,5,152
1252,23,849
1253,9,209
1254,3,33
1255,8,122
1256,3,63
1257,6,127
1258,5,70
1259,8,132
1260,12,1509
1261,6,85
1262,3,42
1263,3,42
1062,11,216
1204,6,182
1265,8,386
1266,19,886
354,17,616
1267,5,56
1268,4,54
1269,3,33
1270,7,258
615,4,164
1071,5,101
1271,31,868
1272,5,74
1273,4,102
1274,11,234
1275,12,174
1276,3,38
1277,7,101
299,8,372
1278,11,267
1279,10,288
1280,20,791
1281,5,92
1282,3,40
688,22,446
1283,4,115
1285,9,149
1286,3,52
1287,19,721
758,3,59
1288,7,101
1289,10,171
1290,4,56
1292,4,209
1295,7,108
1296,12,239
1297,5,85
1298,18,466
1299,3,55
955,3,105
1300,37,1452
912,6,71
1301,10,198
684,8,219
1303,14,425
1304,3,45
1305,5,70
1091,9,263
1306,11,164
1307,13,287
1308,4,77
1309,5,72
1310,3,49
1311,4,48
1312,9,127
1313,5,60
1314,11,325
1315,4,78
1316,13,287
1318,5,76
1319,7,96
1320,6,91
1321,16,819
1322,5,107
1323,9,381
1324,7,204
1325,16,357
1326,3,38
559,3,82
1233,14,418
1328,9,236
1329,12,209
1098,7,92
1330,6,67
1331,3,38
1332,8,152
1060,11,187
1333,3,113
1334,4,68
1335,5,63
730,19,292
978,12,287
948,10,201
1337,10,312
1340,5,69
751,4,75
1341,6,92
1342,23,764
1343,4,104
1344,20,498
1345,3,61
1346,21,474
1347,4,49
1349,30,896
1350,3,83
1351,5,105
1352,5,97
1353,10,299
1354,12,494
1284,3,34
1355,11,254
1356,3,60
1359,7,102
1361,4,152
1362,27,2183
1363,6,153
1366,16,793
1367,4,186
1368,9,123
1369,7,101
1370,3,103
1371,3,34
1372,3,38
1373,3,59
413,6,93
1374,7,358
618,6,106
1375,7,99
419,4,74
1376,15,254
1377,5,88
574,4,121
1378,10,147
1379,6,251
1380,13,264
1249,6,332
1192,13,1845
1381,5,157
1057,4,95
424,4,69
1382,3,38
1383,9,148
1384,7,202
1385,5,85
1386,7,343
1387,8,340
1388,10,165
1389,10,244
1391,3,46
1392,6,121
1393,5,84
1394,4,74
1395,6,140
1397,13,348
1398,14,264
1399,7,108
846,3,48
1401,7,171
1402,6,101
1403,6,95
1404,18,429
1406,5,70
721,5,51
1407,7,122
1408,3,47
1410,3,36
1411,5,155
750,7,121
1412,7,241
1414,3,44
1415,12,246
1416,4,180
1418,12,239
889,11,179
1419,9,123
1390,4,91
1400,13,311
1421,3,38
1422,8,141
1423,3,48
1424,6,264
1426,12,169
1427,5,131
1429,4,49
1431,4,147
1167,7,103
689,7,226
1433,6,125
1434,14,221
1064,17,366
1435,5,174
1437,17,714
1439,4,76
1440,4,41
1441,3,36
1442,4,294
1264,8,216
1443,3,34
1006,11,154
1445,3,90
1447,7,97
1448,11,270
1449,4,61
1450,3,106
1327,3,106
1452,7,112
1453,16,1667
1454,18,413
1455,6,237
1456,8,318
1457,11,156
1250,4,50
1458,8,97
1459,6,121
1460,8,160
1461,37,2532
1003,6,80
1462,19,1071
1463,7,251
1464,3,82
1465,5,64
1466,3,32
518,12,692
1467,4,46
1444,11,341
1468,15,296
1469,6,84
1438,6,237
1470,3,39
1471,5,86
1472,5,127
1473,4,151
1475,3,45
1476,4,81
1478,11,190
1479,7,163
1480,21,663
1436,8,93
1481,9,173
1482,9,188
1101,3,59
1483,6,149
1484,17,605
644,3,46
1485,3,48
1486,4,108
1487,5,68
1488,4,99
1490,12,729
1491,5,72
1492,8,121
1493,11,277
1495,5,60
1496,4,124
1498,3,32
263,4,137
1499,7,144
1500,4,60
1501,3,33
878,6,107
1503,3,82
1504,3,94
1505,6,182
1506,13,244
862,4,66
1507,4,76
1509,6,108
1357,5,83
1018,6,227
1510,6,107
1358,3,82
1511,11,283
1497,6,84
960,5,163
1294,3,59
1512,3,35
1514,7,196
1515,3,38
1516,5,157
1494,3,39
1517,3,92
1518,7,177
1519,6,136
1425,6,100
394,8,174
1042,9,142
98,7,127
1520,13,283
1521,6,65
1302,6,78
1446,3,35
1522,17,960
860,4,43
1291,9,109
1523,3,35
1451,3,42
735,6,78
1525,3,36
1526,5,90
1527,11,355
307,5,192
1528,3,35
1163,5,63
1529,12,187
1530,10,150
1531,5,73
1532,3,63
1533,6,282
1534,3,46
1537,3,70
1538,13,328
1539,6,108
1540,3,58
1541,3,193
340,3,81
1542,3,35
1543,4,54
1544,5,105
1546,3,42
1547,4,221
1549,3,34
1550,4,89
28,7,115
1551,4,130
1348,3,36
1552,4,288
1553,3,31
1555,3,44
1557,14,304
1558,6,130
1559,3,125
1180,3,46
1413,3,35
498,9,123
1560,7,139
1561,3,35
1545,7,153
369,3,52
1562,4,51
1563,9,115
1566,5,68
1567,4,129
1568,5,75
1569,6,239
1430,9,118
1570,2,74
1571,3,32
1572,4,68
1573,19,234
1293,7,315
1574,5,151
1575,5,127
1577,5,136
1578,8,142
1579,3,58
1580,5,67
1556,3,43
1581,5,83
1583,8,1089
1584,3,43
1585,7,139
1586,3,43
1587,5,107
1162,6,110
1588,3,36
1589,3,56
1590,4,45
1592,4,50
144,6,74
1593,6,78
1135,19,253
1594,8,142
1576,4,50
1595,6,148
894,5,88
1596,3,62
1405,3,32
1597,4,122
1339,3,33
1599,4,85
1600,13,691
1565,3,32
1601,7,100
1602,11,140
1603,3,41
1604,7,89
1605,4,60
1336,6,99
1606,6,139
1607,5,136
1608,4,133
1474,3,54
1609,13,342
1502,5,71
1409,3,63
1536,3,43
1611,11,675
1614,3,63
1317,3,120
1365,8,662
1617,3,50
1619,4,61
1620,4,76
1591,4,89
1621,3,68
1622,3,46
1623,5,73
1624,3,59
1508,17,578
1625,6,105
1513,4,107
1626,3,46
1628,14,327
1432,4,95
1548,3,48
1629,5,83
1630,6,88
1631,5,87
1632,3,59
1633,4,93
1634,3,38
1554,6,104
1615,4,48
1618,3,46
1635,3,46
932,7,144
1173,3,38
1636,4,65
1637,3,624
1638,7,143
1524,3,42
1639,4,52
1338,3,36
1640,8,119
1641,4,77
1646,9,154
1613,4,46
1648,6,128
1649,5,55
1650,4,156
1651,5,121
1652,3,38
1653,3,48
1654,4,54
1655,6,73
1417,6,111
1109,4,61
1656,4,45
1657,3,40
1658,6,472
1659,4,47
1660,3,42
1661,3,37
1662,3,57
1616,11,283
1664,4,80
1665,3,43
1666,3,34
1663,7,304
855,3,40
1668,3,53
1477,10,155
1670,5,61
746,4,101
1627,3,41
1671,4,59
1598,3,121
1672,3,35
1673,4,50
1674,3,48
1564,3,54
1675,4,60
1676,7,192
1642,4,46
1126,4,60
1677,6,69
1678,3,36
1679,3,30
1680,4,56
1681,5,73
1682,3,54
1669,3,46
1582,3,34
1683,5,112
1684,8,114
1245,4,57
1685,3,35
1151,3,43
907,3,126
1396,3,46
1687,4,105
1612,3,34
1689,3,110
1690,3,38
1645,3,37
1360,3,104
1691,3,33
1644,3,153
1231,4,210
1489,1,26
1688,6,76
1428,3,46
1647,3,46
1643,3,53
1692,3,64
1694,8,245
1364,3,42
1610,4,57
381,3,36
1535,3,89
1686,3,65
1667,3,137
1695,3,57
1420,4,133
1693,4,44
1696,3,64
1697,6,153
1016,1,14
